#
# A fatal error has been detected by the Java Runtime Environment:
#
#  EXCEPTION_ACCESS_VIOLATION (0xc0000005) at pc=0x00007ff83bb01ed4, pid=6716, tid=4544
#
# JRE version: Java(TM) SE Runtime Environment (7.0_65-b19) (build 1.7.0_65-b19)
# Java VM: Java HotSpot(TM) 64-Bit Server VM (24.65-b04 mixed mode windows-amd64 compressed oops)
# Problematic frame:
# C  [OPENGL32.dll+0xe1ed4]
#
# Failed to write core dump. Minidumps are not enabled by default on client versions of Windows
#
# If you would like to submit a bug report, please visit:
#   http://bugreport.sun.com/bugreport/crash.jsp
#

---------------  T H R E A D  ---------------

Current thread (0x0000000008663800):  VMThread [stack: 0x0000000009720000,0x0000000009820000] [id=4544]

siginfo: ExceptionCode=0xc0000005, reading address 0x0000000000000a38

Registers:
RAX=0x0000000000000000, RBX=0x00000000518d23d0, RCX=0x0000000000000001, RDX=0x00000000518d23d8
RSP=0x000000000981f548, RBP=0x0000000000000000, RSI=0x00000000518d3c30, RDI=0x00000000518d3c30
R8 =0x000000000981f5c8, R9 =0x0000000008595400, R10=0x0000000000000042, R11=0x000000000981f190
R12=0x0000000000000000, R13=0x0000000051747950, R14=0x0000000051747800, R15=0x0000000000000000
RIP=0x00007ff83bb01ed4, EFLAGS=0x0000000000010287

Top of Stack: (sp=0x000000000981f548)
0x000000000981f548:   00007ff848fc29fb 0000000000000001
0x000000000981f558:   00000000518d23d8 000000000981f5c8
0x000000000981f568:   0000000008595400 0000000000000000
0x000000000981f578:   00007ff848fc84c7 0000000051740000
0x000000000981f588:   0000000051740000 0000000000000000
0x000000000981f598:   0000000000000000 fffffffffffffffe
0x000000000981f5a8:   000000000981f610 0000000000000000
0x000000000981f5b8:   00007ff848fc8d79 00000000518d3c30
0x000000000981f5c8:   000000005174c4c0 00007ff8490b1880
0x000000000981f5d8:   00007ff849045638 fffffffffffffffe
0x000000000981f5e8:   0000000051747800 0000000000000001
0x000000000981f5f8:   0000000051747928 0000000051747800
0x000000000981f608:   00007ff84904d6ed 00007ff8491865b0
0x000000000981f618:   00007ff8490b1870 0000000008595400
0x000000000981f628:   0000000008664210 0000000051747928
0x000000000981f638:   0000000051747800 0000000051747800 

Instructions: (pc=0x00007ff83bb01ed4)
0x00007ff83bb01eb4:   cc cc cc cc cc cc 66 0f 1f 44 00 00 8b 05 42 71
0x00007ff83bb01ec4:   01 00 83 f8 40 73 0f 65 48 8b 04 c5 80 14 00 00
0x00007ff83bb01ed4:   ff a0 38 0a 00 00 b8 47 01 00 00 e9 ec d4 ff ff
0x00007ff83bb01ee4:   cc cc cc cc cc cc 66 0f 1f 44 00 00 8b 05 12 71 


Register to memory mapping:

RAX=0x0000000000000000 is an unknown value
RBX=0x00000000518d23d0 is an unknown value
RCX=0x0000000000000001 is an unknown value
RDX=0x00000000518d23d8 is an unknown value
RSP=0x000000000981f548 is an unknown value
RBP=0x0000000000000000 is an unknown value
RSI=0x00000000518d3c30 is an unknown value
RDI=0x00000000518d3c30 is an unknown value
R8 =0x000000000981f5c8 is an unknown value
R9 =0x0000000008595400 is an unknown value
R10=0x0000000000000042 is an unknown value
R11=0x000000000981f190 is an unknown value
R12=0x0000000000000000 is an unknown value
R13=0x0000000051747950 is an unknown value
R14=0x0000000051747800 is an unknown value
R15=0x0000000000000000 is an unknown value


Stack: [0x0000000009720000,0x0000000009820000],  sp=0x000000000981f548,  free space=1021k
Native frames: (J=compiled Java code, j=interpreted, Vv=VM code, C=native code)
C  [OPENGL32.dll+0xe1ed4]

[error occurred during error reporting (printing native stack), id 0xc0000005]

VM_Operation (0x000000000bb4f2c0): Exit, mode: safepoint, requested by thread 0x000000000a927800


---------------  P R O C E S S  ---------------

Java Threads: ( => current thread )
  0x000000000a3cc000 JavaThread "LWJGL Timer" daemon [_thread_blocked, id=5804, stack(0x0000000050d10000,0x0000000050e10000)]
  0x0000000002782800 JavaThread "DestroyJavaVM" [_thread_blocked, id=3936, stack(0x0000000002620000,0x0000000002720000)]
  0x000000000a927800 JavaThread "LWJGL Application" [_thread_blocked, id=1888, stack(0x000000000ba50000,0x000000000bb50000)]
  0x000000000a0b0800 JavaThread "Monitor Ctrl-Break" daemon [_thread_in_native, id=5792, stack(0x000000000a420000,0x000000000a520000)]
  0x00000000086b9000 JavaThread "Service Thread" daemon [_thread_blocked, id=1020, stack(0x0000000009e20000,0x0000000009f20000)]
  0x00000000086a9800 JavaThread "C2 CompilerThread1" daemon [_thread_blocked, id=3680, stack(0x0000000009d20000,0x0000000009e20000)]
  0x00000000086a6000 JavaThread "C2 CompilerThread0" daemon [_thread_blocked, id=5996, stack(0x0000000009c20000,0x0000000009d20000)]
  0x00000000086a5000 JavaThread "Attach Listener" daemon [_thread_blocked, id=4456, stack(0x0000000009b20000,0x0000000009c20000)]
  0x00000000086a1800 JavaThread "Signal Dispatcher" daemon [_thread_blocked, id=4140, stack(0x0000000009a20000,0x0000000009b20000)]
  0x0000000008670800 JavaThread "Finalizer" daemon [_thread_blocked, id=5580, stack(0x0000000009920000,0x0000000009a20000)]
  0x0000000008667800 JavaThread "Reference Handler" daemon [_thread_blocked, id=4760, stack(0x0000000009820000,0x0000000009920000)]

Other Threads:
=>0x0000000008663800 VMThread [stack: 0x0000000009720000,0x0000000009820000] [id=4544]

VM state:at safepoint (shutting down)

VM Mutex/Monitor currently owned by a thread:  ([mutex/lock_event])
[0x00000000028ddc90] Threads_lock - owner thread: 0x0000000008663800

Heap
 PSYoungGen      total 18944K, used 7575K [0x00000000eb100000, 0x00000000ec600000, 0x0000000100000000)
  eden space 16384K, 30% used [0x00000000eb100000,0x00000000eb5e8008,0x00000000ec100000)
  from space 2560K, 99% used [0x00000000ec100000,0x00000000ec37df40,0x00000000ec380000)
  to   space 2560K, 0% used [0x00000000ec380000,0x00000000ec380000,0x00000000ec600000)
 ParOldGen       total 42496K, used 742K [0x00000000c1400000, 0x00000000c3d80000, 0x00000000eb100000)
  object space 42496K, 1% used [0x00000000c1400000,0x00000000c14b9b70,0x00000000c3d80000)
 PSPermGen       total 21504K, used 7303K [0x00000000bc200000, 0x00000000bd700000, 0x00000000c1400000)
  object space 21504K, 33% used [0x00000000bc200000,0x00000000bc921e38,0x00000000bd700000)

Card table byte_map: [0x00000000059a0000,0x0000000005bc0000] byte_map_base: 0x00000000053bf000

Polling page: 0x0000000000ea0000

Code Cache  [0x00000000028e0000, 0x0000000002b50000, 0x00000000058e0000)
 total_blobs=742 nmethods=323 adapters=372 free_code_cache=47962Kb largest_free_block=49074624

Compilation events (10 events):
Event: 183.666 Thread 0x00000000086a6000 nmethod 319 0x00000000029ff850 code [0x00000000029ff980, 0x00000000029ff9d8]
Event: 183.666 Thread 0x00000000086a6000  320             com.norman.game.gameobjects.Hero::getElapsedTime (5 bytes)
Event: 183.667 Thread 0x00000000086a6000 nmethod 320 0x0000000002a07250 code [0x0000000002a07380, 0x0000000002a073d8]
Event: 183.687 Thread 0x00000000086a9800 nmethod 318 0x0000000002a028d0 code [0x0000000002a02a80, 0x0000000002a03128]
Event: 183.833 Thread 0x00000000086a6000  321             com.norman.game.gameworld.GameRenderer::drawScore (139 bytes)
Event: 183.877 Thread 0x00000000086a6000 nmethod 321 0x0000000002a08950 code [0x0000000002a08b80, 0x0000000002a096b0]
Event: 186.790 Thread 0x00000000086a9800  322             com.badlogic.gdx.graphics.glutils.VertexBufferObject::bufferChanged (38 bytes)
Event: 186.791 Thread 0x00000000086a9800 nmethod 322 0x0000000002a00e50 code [0x0000000002a00fa0, 0x0000000002a01058]
Event: 245.528 Thread 0x00000000086a6000  323 % !         com.badlogic.gdx.backends.lwjgl.LwjglApplication::mainLoop @ 71 (862 bytes)
Event: 245.591 Thread 0x00000000086a6000 nmethod 323% 0x0000000002a0d610 code [0x0000000002a0da20, 0x0000000002a108c0]

GC Heap History (2 events):
Event: 44.982 GC heap before
{Heap before GC invocations=1 (full 0):
 PSYoungGen      total 18944K, used 16384K [0x00000000eb100000, 0x00000000ec600000, 0x0000000100000000)
  eden space 16384K, 100% used [0x00000000eb100000,0x00000000ec100000,0x00000000ec100000)
  from space 2560K, 0% used [0x00000000ec380000,0x00000000ec380000,0x00000000ec600000)
  to   space 2560K, 0% used [0x00000000ec100000,0x00000000ec100000,0x00000000ec380000)
 ParOldGen       total 42496K, used 0K [0x00000000c1400000, 0x00000000c3d80000, 0x00000000eb100000)
  object space 42496K, 0% used [0x00000000c1400000,0x00000000c1400000,0x00000000c3d80000)
 PSPermGen       total 21504K, used 7243K [0x00000000bc200000, 0x00000000bd700000, 0x00000000c1400000)
  object space 21504K, 33% used [0x00000000bc200000,0x00000000bc912e08,0x00000000bd700000)
Event: 44.987 GC heap after
Heap after GC invocations=1 (full 0):
 PSYoungGen      total 18944K, used 2551K [0x00000000eb100000, 0x00000000ec600000, 0x0000000100000000)
  eden space 16384K, 0% used [0x00000000eb100000,0x00000000eb100000,0x00000000ec100000)
  from space 2560K, 99% used [0x00000000ec100000,0x00000000ec37df40,0x00000000ec380000)
  to   space 2560K, 0% used [0x00000000ec380000,0x00000000ec380000,0x00000000ec600000)
 ParOldGen       total 42496K, used 742K [0x00000000c1400000, 0x00000000c3d80000, 0x00000000eb100000)
  object space 42496K, 1% used [0x00000000c1400000,0x00000000c14b9b70,0x00000000c3d80000)
 PSPermGen       total 21504K, used 7243K [0x00000000bc200000, 0x00000000bd700000, 0x00000000c1400000)
  object space 21504K, 33% used [0x00000000bc200000,0x00000000bc912e08,0x00000000bd700000)
}

Deoptimization events (1 events):
Event: 0.310 Thread 0x0000000002782800 Uncommon trap: reason=null_check action=make_not_entrant pc=0x000000000294e228 method=java.lang.String.equals(Ljava/lang/Object;)Z @ 8

Internal exceptions (10 events):
Event: 2.936 Thread 0x000000000a927800 Threw 0x00000000ebf33888 at C:\re\jdk7u65\1313\hotspot\src\share\vm\prims\jvm.cpp:1244
Event: 2.937 Thread 0x000000000a927800 Threw 0x00000000ebf397f8 at C:\re\jdk7u65\1313\hotspot\src\share\vm\prims\jvm.cpp:1244
Event: 2.938 Thread 0x000000000a927800 Threw 0x00000000ebf3fb88 at C:\re\jdk7u65\1313\hotspot\src\share\vm\prims\jvm.cpp:1244
Event: 2.940 Thread 0x000000000a927800 Threw 0x00000000ebf4d820 at C:\re\jdk7u65\1313\hotspot\src\share\vm\prims\jvm.cpp:1244
Event: 3.585 Thread 0x000000000a927800 Threw 0x00000000ebf56880 at C:\re\jdk7u65\1313\hotspot\src\share\vm\prims\jvm.cpp:1244
Event: 5.196 Thread 0x000000000a927800 Threw 0x00000000ebf69908 at C:\re\jdk7u65\1313\hotspot\src\share\vm\prims\jvm.cpp:1244
Event: 13.342 Thread 0x000000000a927800 Threw 0x00000000ebfb84b8 at C:\re\jdk7u65\1313\hotspot\src\share\vm\prims\jvm.cpp:1244
Event: 404.416 Thread 0x000000000a927800 Threw 0x00000000eb5d1c38 at C:\re\jdk7u65\1313\hotspot\src\share\vm\prims\jvm.cpp:1244
Event: 404.416 Thread 0x000000000a927800 Threw 0x00000000eb5d74a0 at C:\re\jdk7u65\1313\hotspot\src\share\vm\prims\jvm.cpp:1244
Event: 404.422 Thread 0x000000000a927800 Threw 0x00000000eb5deab0 at C:\re\jdk7u65\1313\hotspot\src\share\vm\prims\jvm.cpp:1244

Events (10 events):
Event: 404.422 loading class 0x000000000a3cff70 done
Event: 404.441 loading class 0x00000000027f96b0
Event: 404.441 loading class 0x00000000027f96b0 done
Event: 404.441 loading class 0x000000000a36cd10
Event: 404.441 loading class 0x000000000a36cd10 done
Event: 404.441 loading class 0x000000000a36cce0
Event: 404.441 loading class 0x000000000a36cca0
Event: 404.441 loading class 0x000000000a36cca0 done
Event: 404.441 loading class 0x000000000a36cce0 done
Event: 404.441 Executing VM operation: Exit


Dynamic libraries:
0x00007ff76dec0000 - 0x00007ff76def3000 	C:\Program Files\Java\jdk1.7.0_65\bin\java.exe
0x00007ff85b100000 - 0x00007ff85b2c1000 	C:\WINDOWS\SYSTEM32\ntdll.dll
0x00007ff858c80000 - 0x00007ff858d2d000 	C:\WINDOWS\system32\KERNEL32.DLL
0x00007ff857f00000 - 0x00007ff8580dd000 	C:\WINDOWS\system32\KERNELBASE.dll
0x00007ff85ac40000 - 0x00007ff85ace6000 	C:\WINDOWS\system32\ADVAPI32.dll
0x00007ff85a540000 - 0x00007ff85a5dd000 	C:\WINDOWS\system32\msvcrt.dll
0x00007ff85a5e0000 - 0x00007ff85a63b000 	C:\WINDOWS\system32\sechost.dll
0x00007ff85ad30000 - 0x00007ff85ae56000 	C:\WINDOWS\system32\RPCRT4.dll
0x00007ff85a640000 - 0x00007ff85a78e000 	C:\WINDOWS\system32\USER32.dll
0x00007ff858980000 - 0x00007ff858b06000 	C:\WINDOWS\system32\GDI32.dll
0x00007ff849f70000 - 0x00007ff84a1e4000 	C:\WINDOWS\WinSxS\amd64_microsoft.windows.common-controls_6595b64144ccf1df_6.0.10240.16384_none_f41f7b285750ef43\COMCTL32.dll
0x00007ff85acf0000 - 0x00007ff85ad26000 	C:\WINDOWS\system32\IMM32.DLL
0x00007ff858eb0000 - 0x00007ff85900c000 	C:\WINDOWS\system32\MSCTF.dll
0x000000005bf70000 - 0x000000005c042000 	C:\Program Files\Java\jdk1.7.0_65\jre\bin\msvcr100.dll
0x000000005c400000 - 0x000000005cbd2000 	C:\Program Files\Java\jdk1.7.0_65\jre\bin\server\jvm.dll
0x00007ff85a860000 - 0x00007ff85a868000 	C:\WINDOWS\system32\PSAPI.DLL
0x00007ff856070000 - 0x00007ff856079000 	C:\WINDOWS\SYSTEM32\WSOCK32.dll
0x00007ff855fd0000 - 0x00007ff855ff3000 	C:\WINDOWS\SYSTEM32\WINMM.dll
0x00007ff85b090000 - 0x00007ff85b0f9000 	C:\WINDOWS\system32\WS2_32.dll
0x00007ff85a790000 - 0x00007ff85a798000 	C:\WINDOWS\system32\NSI.dll
0x00007ff855fa0000 - 0x00007ff855fcc000 	C:\WINDOWS\SYSTEM32\WINMMBASE.dll
0x00007ff857ce0000 - 0x00007ff857d24000 	C:\WINDOWS\system32\cfgmgr32.dll
0x00007ff856400000 - 0x00007ff856427000 	C:\WINDOWS\SYSTEM32\DEVOBJ.dll
0x000000005c3f0000 - 0x000000005c3ff000 	C:\Program Files\Java\jdk1.7.0_65\jre\bin\verify.dll
0x000000005c3c0000 - 0x000000005c3e8000 	C:\Program Files\Java\jdk1.7.0_65\jre\bin\java.dll
0x000000005c3a0000 - 0x000000005c3b5000 	C:\Program Files\Java\jdk1.7.0_65\jre\bin\zip.dll
0x00007ff854f90000 - 0x00007ff854f9f000 	C:\Users\Norman\AppData\Local\Android\android-studio\bin\breakgen64.dll
0x000000005c380000 - 0x000000005c399000 	C:\Program Files\Java\jdk1.7.0_65\jre\bin\net.dll
0x00007ff857340000 - 0x00007ff85739d000 	C:\WINDOWS\system32\mswsock.dll
0x0000000065580000 - 0x0000000065616000 	C:\Users\Norman\AppData\Local\Temp\libgdxNorman\463f4817\gdx64.dll
0x00007ff8573a0000 - 0x00007ff8573b7000 	C:\WINDOWS\SYSTEM32\CRYPTSP.dll
0x00007ff857670000 - 0x00007ff857698000 	C:\WINDOWS\SYSTEM32\bcrypt.dll
0x00007ff856ff0000 - 0x00007ff857023000 	C:\WINDOWS\system32\rsaenh.dll
0x00007ff857190000 - 0x00007ff8571af000 	C:\WINDOWS\SYSTEM32\USERENV.dll
0x00007ff857bb0000 - 0x00007ff857bc3000 	C:\WINDOWS\system32\profapi.dll
0x00007ff857980000 - 0x00007ff8579eb000 	C:\WINDOWS\system32\bcryptprimitives.dll
0x00007ff8574f0000 - 0x00007ff8574fb000 	C:\WINDOWS\SYSTEM32\CRYPTBASE.dll
0x00007ff8551a0000 - 0x00007ff8551d8000 	C:\WINDOWS\SYSTEM32\IPHLPAPI.DLL
0x00007ff855190000 - 0x00007ff85519b000 	C:\WINDOWS\SYSTEM32\WINNSI.DLL
0x00007ff8511d0000 - 0x00007ff8511e6000 	C:\WINDOWS\SYSTEM32\dhcpcsvc6.DLL
0x00007ff8511b0000 - 0x00007ff8511ca000 	C:\WINDOWS\SYSTEM32\dhcpcsvc.DLL
0x000000005c360000 - 0x000000005c371000 	C:\Program Files\Java\jdk1.7.0_65\jre\bin\nio.dll
0x0000000180000000 - 0x0000000180053000 	C:\Users\Norman\AppData\Local\Temp\libgdxNorman\dc0f0009\lwjgl64.dll
0x00007ff83ba20000 - 0x00007ff83bb48000 	C:\WINDOWS\SYSTEM32\OPENGL32.dll
0x00007ff84cc60000 - 0x00007ff84cc6a000 	C:\WINDOWS\SYSTEM32\VERSION.dll
0x00007ff83f410000 - 0x00007ff83f43e000 	C:\WINDOWS\SYSTEM32\GLU32.dll
0x00007ff83b920000 - 0x00007ff83ba16000 	C:\WINDOWS\SYSTEM32\DDRAW.dll
0x00007ff83f3c0000 - 0x00007ff83f3c8000 	C:\WINDOWS\SYSTEM32\DCIMAN32.dll
0x000000000b080000 - 0x000000000b0e4000 	C:\Users\Norman\AppData\Local\Temp\libgdxNorman\dc0f0009\OpenAL64.dll
0x00007ff859010000 - 0x00007ff85a532000 	C:\WINDOWS\system32\SHELL32.dll
0x00007ff8581a0000 - 0x00007ff8587c8000 	C:\WINDOWS\system32\windows.storage.dll
0x00007ff85a9c0000 - 0x00007ff85ac3c000 	C:\WINDOWS\system32\combase.dll
0x00007ff85b030000 - 0x00007ff85b081000 	C:\WINDOWS\system32\shlwapi.dll
0x00007ff857b50000 - 0x00007ff857b5f000 	C:\WINDOWS\system32\kernel.appcore.dll
0x00007ff8580e0000 - 0x00007ff858193000 	C:\WINDOWS\system32\shcore.dll
0x00007ff857b60000 - 0x00007ff857baa000 	C:\WINDOWS\system32\powrprof.dll
0x00007ff85a870000 - 0x00007ff85a9b1000 	C:\WINDOWS\system32\ole32.dll
0x00007ff856430000 - 0x00007ff8564c6000 	C:\WINDOWS\system32\uxtheme.dll
0x00007ff832db0000 - 0x00007ff832dd8000 	C:\Program Files (x86)\Raptr\ltc_help64-106010.dll
0x00007ff857c80000 - 0x00007ff857cd4000 	C:\WINDOWS\system32\WINTRUST.dll
0x00007ff857b30000 - 0x00007ff857b41000 	C:\WINDOWS\system32\MSASN1.dll
0x00007ff857d30000 - 0x00007ff857ef1000 	C:\WINDOWS\system32\CRYPT32.dll
0x00007ff858d90000 - 0x00007ff858e35000 	C:\WINDOWS\system32\clbcatq.dll
0x00007ff8556d0000 - 0x00007ff855853000 	C:\WINDOWS\System32\PROPSYS.dll
0x00007ff85a7a0000 - 0x00007ff85a85e000 	C:\WINDOWS\system32\OLEAUT32.dll
0x00007ff84eaf0000 - 0x00007ff84eb8c000 	C:\WINDOWS\SYSTEM32\dsound.dll
0x00007ff8503b0000 - 0x00007ff850422000 	C:\WINDOWS\System32\MMDevApi.dll
0x00007ff84d580000 - 0x00007ff84d605000 	C:\WINDOWS\SYSTEM32\AUDIOSES.DLL
0x00007ff854980000 - 0x00007ff854ab1000 	C:\WINDOWS\SYSTEM32\wintypes.dll
0x00007ff8556a0000 - 0x00007ff8556c2000 	C:\WINDOWS\system32\dwmapi.dll
0x00007ff8299f0000 - 0x00007ff82a4e3000 	C:\WINDOWS\SYSTEM32\ig75icd64.dll
0x00007ff855cb0000 - 0x00007ff855cc3000 	C:\WINDOWS\SYSTEM32\WTSAPI32.dll
0x00007ff8513f0000 - 0x00007ff851df2000 	C:\WINDOWS\SYSTEM32\igdusc64.dll
0x00007ff82b7d0000 - 0x00007ff82b861000 	C:\WINDOWS\SYSTEM32\mscms.dll
0x00007ff84cd50000 - 0x00007ff84cd92000 	C:\WINDOWS\SYSTEM32\icm32.dll
0x00007ff858b10000 - 0x00007ff858b2c000 	C:\WINDOWS\system32\imagehlp.dll
0x00007ff856a50000 - 0x00007ff856a73000 	C:\WINDOWS\SYSTEM32\gpapi.dll
0x00007ff83fd00000 - 0x00007ff83fd2f000 	C:\Windows\System32\cryptnet.dll
0x00007ff858c10000 - 0x00007ff858c6b000 	C:\WINDOWS\system32\WLDAP32.dll
0x00007ff848f60000 - 0x00007ff8491a8000 	C:\PROGRA~2\Raptr\ltc_game64-106010.dll
0x00007ff83af90000 - 0x00007ff83b11a000 	C:\WINDOWS\SYSTEM32\dbghelp.dll

VM Arguments:
jvm_args: -Didea.launcher.port=7537 -Didea.launcher.bin.path=C:\Users\Norman\AppData\Local\Android\android-studio\bin -Dfile.encoding=UTF-8 
java_command: com.intellij.rt.execution.application.AppMain com.norman.game.desktop.DesktopLauncher
Launcher Type: SUN_STANDARD

Environment Variables:
JAVA_HOME=C:\Program Files\Java\jdk1.7.0_65
PATH=C:\ProgramData\Oracle\Java\javapath;C:\Program Files (x86)\NVIDIA Corporation\PhysX\Common;C:\Users\Norman\AppData\Roaming\Composer\vendor\bin;C:\xampp\php\php.exe;C:\HashiCorp\Vagrant\bin;C:\Program Files\Java\jdk1.7.0_65\bin\javaw.exe;C:\WINDOWS\system32;C:\WINDOWS;C:\WINDOWS\System32\Wbem;C:\WINDOWS\System32\WindowsPowerShell\v1.0\;C:\Program Files (x86)\ATI Technologies\ATI.ACE\Core-Static;C:\Program Files (x86)\AMD\ATI.ACE\Core-Static;C:\Program Files (x86)\Skype\Phone\;C:\Users\Norman\AppData\Roaming\Composer\vendor\bin;C:\xampp\php;C:\Program Files\Java\jdk1.7.0_65\bin\javaw.exe
USERNAME=Norman
OS=Windows_NT
PROCESSOR_IDENTIFIER=Intel64 Family 6 Model 60 Stepping 3, GenuineIntel



---------------  S Y S T E M  ---------------

OS: Windows 8.1 , 64 bit Build 9600 

CPU:total 4 (2 cores per cpu, 2 threads per core) family 6 model 60 stepping 3, cmov, cx8, fxsr, mmx, sse, sse2, sse3, ssse3, sse4.1, sse4.2, popcnt, avx, avx2, aes, erms, ht, tsc, tscinvbit

Memory: 4k page, physical 4104472k(692672k free), swap 7250200k(1885044k free)

vm_info: Java HotSpot(TM) 64-Bit Server VM (24.65-b04) for windows-amd64 JRE (1.7.0_65-b19), built on Jul  9 2014 17:47:07 by "java_re" with unknown MS VC++:1600

time: Thu Dec 10 22:58:00 2015
elapsed time: 404 seconds

