#
# A fatal error has been detected by the Java Runtime Environment:
#
#  EXCEPTION_ACCESS_VIOLATION (0xc0000005) at pc=0x00007fff5c331ed4, pid=7752, tid=8632
#
# JRE version: Java(TM) SE Runtime Environment (7.0_65-b19) (build 1.7.0_65-b19)
# Java VM: Java HotSpot(TM) 64-Bit Server VM (24.65-b04 mixed mode windows-amd64 compressed oops)
# Problematic frame:
# C  [OPENGL32.dll+0xe1ed4]
#
# Failed to write core dump. Minidumps are not enabled by default on client versions of Windows
#
# If you would like to submit a bug report, please visit:
#   http://bugreport.sun.com/bugreport/crash.jsp
#

---------------  T H R E A D  ---------------

Current thread (0x00000000083d3000):  VMThread [stack: 0x0000000009470000,0x0000000009570000] [id=8632]

siginfo: ExceptionCode=0xc0000005, reading address 0x0000000000000a38

Registers:
RAX=0x0000000000000000, RBX=0x00000000516f2f70, RCX=0x0000000000000001, RDX=0x00000000516f2f78
RSP=0x000000000956f058, RBP=0x0000000000000000, RSI=0x00000000516f4c60, RDI=0x00000000516f4c60
R8 =0x000000000956f0d8, R9 =0x00000000082e5400, R10=0x0000000000000042, R11=0x000000000956eca0
R12=0x0000000000000000, R13=0x00000000514e7950, R14=0x00000000514e7800, R15=0x0000000000000000
RIP=0x00007fff5c331ed4, EFLAGS=0x0000000000010287

Top of Stack: (sp=0x000000000956f058)
0x000000000956f058:   00007fff419d26cb 0000000000000001
0x000000000956f068:   00000000516f2f78 000000000956f0d8
0x000000000956f078:   00000000082e5400 0000000000000000
0x000000000956f088:   00007fff419d8197 00000000514e0000
0x000000000956f098:   00000000514e0000 0000000000000000
0x000000000956f0a8:   0000000000000000 fffffffffffffffe
0x000000000956f0b8:   000000000956f120 0000000000000000
0x000000000956f0c8:   00007fff419d8a49 00000000516f4c60
0x000000000956f0d8:   00000000514ec880 00007fff41ac17b0
0x000000000956f0e8:   00007fff41a55568 fffffffffffffffe
0x000000000956f0f8:   00000000514e7800 0000000000000001
0x000000000956f108:   00000000514e7928 00000000514e7800
0x000000000956f118:   00007fff41a5d61d 00007fff41b965b0
0x000000000956f128:   00007fff41ac17a0 00000000082e5400
0x000000000956f138:   0000000002639a70 00000000514e7928
0x000000000956f148:   00000000514e7800 00000000514e7800 

Instructions: (pc=0x00007fff5c331ed4)
0x00007fff5c331eb4:   cc cc cc cc cc cc 66 0f 1f 44 00 00 8b 05 42 71
0x00007fff5c331ec4:   01 00 83 f8 40 73 0f 65 48 8b 04 c5 80 14 00 00
0x00007fff5c331ed4:   ff a0 38 0a 00 00 b8 47 01 00 00 e9 ec d4 ff ff
0x00007fff5c331ee4:   cc cc cc cc cc cc 66 0f 1f 44 00 00 8b 05 12 71 


Register to memory mapping:

RAX=0x0000000000000000 is an unknown value
RBX=0x00000000516f2f70 is an unknown value
RCX=0x0000000000000001 is an unknown value
RDX=0x00000000516f2f78 is an unknown value
RSP=0x000000000956f058 is an unknown value
RBP=0x0000000000000000 is an unknown value
RSI=0x00000000516f4c60 is an unknown value
RDI=0x00000000516f4c60 is an unknown value
R8 =0x000000000956f0d8 is an unknown value
R9 =0x00000000082e5400 is an unknown value
R10=0x0000000000000042 is an unknown value
R11=0x000000000956eca0 is an unknown value
R12=0x0000000000000000 is an unknown value
R13=0x00000000514e7950 is an unknown value
R14=0x00000000514e7800 is an unknown value
R15=0x0000000000000000 is an unknown value


Stack: [0x0000000009470000,0x0000000009570000],  sp=0x000000000956f058,  free space=1020k
Native frames: (J=compiled Java code, j=interpreted, Vv=VM code, C=native code)
C  [OPENGL32.dll+0xe1ed4]

[error occurred during error reporting (printing native stack), id 0xc0000005]

VM_Operation (0x000000000b05f1f0): Exit, mode: safepoint, requested by thread 0x0000000009f3b000


---------------  P R O C E S S  ---------------

Java Threads: ( => current thread )
  0x0000000009fea000 JavaThread "LWJGL Timer" daemon [_thread_blocked, id=4300, stack(0x0000000050830000,0x0000000050930000)]
  0x00000000025f2800 JavaThread "DestroyJavaVM" [_thread_blocked, id=1620, stack(0x0000000002420000,0x0000000002520000)]
  0x0000000009f3b000 JavaThread "LWJGL Application" [_thread_blocked, id=5188, stack(0x000000000af60000,0x000000000b060000)]
  0x0000000009e6b000 JavaThread "Monitor Ctrl-Break" daemon [_thread_in_native, id=7396, stack(0x000000000a1b0000,0x000000000a2b0000)]
  0x0000000008408000 JavaThread "Service Thread" daemon [_thread_blocked, id=8872, stack(0x0000000009b70000,0x0000000009c70000)]
  0x0000000008402000 JavaThread "C2 CompilerThread1" daemon [_thread_blocked, id=6228, stack(0x0000000009a70000,0x0000000009b70000)]
  0x0000000008400000 JavaThread "C2 CompilerThread0" daemon [_thread_blocked, id=6540, stack(0x0000000009970000,0x0000000009a70000)]
  0x00000000083ff000 JavaThread "Attach Listener" daemon [_thread_blocked, id=8812, stack(0x0000000009870000,0x0000000009970000)]
  0x00000000083fc000 JavaThread "Signal Dispatcher" daemon [_thread_blocked, id=7496, stack(0x0000000009770000,0x0000000009870000)]
  0x00000000083d5800 JavaThread "Finalizer" daemon [_thread_blocked, id=8992, stack(0x0000000009670000,0x0000000009770000)]
  0x00000000026d3800 JavaThread "Reference Handler" daemon [_thread_blocked, id=8340, stack(0x0000000009570000,0x0000000009670000)]

Other Threads:
=>0x00000000083d3000 VMThread [stack: 0x0000000009470000,0x0000000009570000] [id=8632]

VM state:at safepoint (shutting down)

VM Mutex/Monitor currently owned by a thread:  ([mutex/lock_event])
[0x00000000025ee790] Threads_lock - owner thread: 0x00000000083d3000

Heap
 PSYoungGen      total 18944K, used 15675K [0x00000000eb100000, 0x00000000ec600000, 0x0000000100000000)
  eden space 16384K, 95% used [0x00000000eb100000,0x00000000ec04ec20,0x00000000ec100000)
  from space 2560K, 0% used [0x00000000ec380000,0x00000000ec380000,0x00000000ec600000)
  to   space 2560K, 0% used [0x00000000ec100000,0x00000000ec100000,0x00000000ec380000)
 ParOldGen       total 42496K, used 0K [0x00000000c1400000, 0x00000000c3d80000, 0x00000000eb100000)
  object space 42496K, 0% used [0x00000000c1400000,0x00000000c1400000,0x00000000c3d80000)
 PSPermGen       total 21504K, used 7260K [0x00000000bc200000, 0x00000000bd700000, 0x00000000c1400000)
  object space 21504K, 33% used [0x00000000bc200000,0x00000000bc917348,0x00000000bd700000)

Card table byte_map: [0x00000000056f0000,0x0000000005910000] byte_map_base: 0x000000000510f000

Polling page: 0x0000000000c20000

Code Cache  [0x00000000026f0000, 0x0000000002960000, 0x00000000056f0000)
 total_blobs=556 nmethods=137 adapters=372 free_code_cache=48411Kb largest_free_block=49550784

Compilation events (10 events):
Event: 56.084 Thread 0x0000000008402000  133   !         org.lwjgl.opengl.Display::isCreated (17 bytes)
Event: 56.087 Thread 0x0000000008402000 nmethod 133 0x00000000027ad0d0 code [0x00000000027ad220, 0x00000000027ad458]
Event: 56.168 Thread 0x0000000008400000  134             com.norman.game.gameobjects.Background::getPosition (5 bytes)
Event: 56.168 Thread 0x0000000008402000  135             com.norman.game.gameobjects.Background::getTexture (5 bytes)
Event: 56.169 Thread 0x0000000008400000 nmethod 134 0x00000000027a9510 code [0x00000000027a9640, 0x00000000027a9698]
Event: 56.169 Thread 0x0000000008400000  136             com.norman.game.gameobjects.Background::getloopPosition (5 bytes)
Event: 56.169 Thread 0x0000000008402000 nmethod 135 0x00000000027a9310 code [0x00000000027a9440, 0x00000000027a9498]
Event: 56.169 Thread 0x0000000008402000  137             com.norman.game.gameobjects.Ogre::getHitDetect (5 bytes)
Event: 56.170 Thread 0x0000000008400000 nmethod 136 0x00000000027a9110 code [0x00000000027a9240, 0x00000000027a9298]
Event: 56.170 Thread 0x0000000008402000 nmethod 137 0x00000000027a8f10 code [0x00000000027a9040, 0x00000000027a9098]

GC Heap History (0 events):
No events

Deoptimization events (0 events):
No events

Internal exceptions (10 events):
Event: 12.625 Thread 0x0000000009f3b000 Threw 0x00000000ebf33620 at C:\re\jdk7u65\1313\hotspot\src\share\vm\prims\jvm.cpp:1244
Event: 12.627 Thread 0x0000000009f3b000 Threw 0x00000000ebf3a3c0 at C:\re\jdk7u65\1313\hotspot\src\share\vm\prims\jvm.cpp:1244
Event: 12.668 Thread 0x0000000009f3b000 Threw 0x00000000ebf47648 at C:\re\jdk7u65\1313\hotspot\src\share\vm\prims\jvm.cpp:1244
Event: 26.458 Thread 0x0000000009f3b000 Threw 0x00000000ebf4f4a0 at C:\re\jdk7u65\1313\hotspot\src\share\vm\prims\jvm.cpp:1244
Event: 26.460 Thread 0x0000000009f3b000 Threw 0x00000000ebfadaf0 at C:\re\jdk7u65\1313\hotspot\src\share\vm\prims\jvm.cpp:1244
Event: 29.172 Thread 0x0000000009f3b000 Threw 0x00000000ebfb4778 at C:\re\jdk7u65\1313\hotspot\src\share\vm\prims\jvm.cpp:1244
Event: 32.634 Thread 0x0000000009f3b000 Threw 0x00000000ebfd04d8 at C:\re\jdk7u65\1313\hotspot\src\share\vm\prims\jvm.cpp:1244
Event: 56.980 Thread 0x0000000009f3b000 Threw 0x00000000ebfeedb0 at C:\re\jdk7u65\1313\hotspot\src\share\vm\prims\jvm.cpp:1244
Event: 56.981 Thread 0x0000000009f3b000 Threw 0x00000000ebff4668 at C:\re\jdk7u65\1313\hotspot\src\share\vm\prims\jvm.cpp:1244
Event: 57.030 Thread 0x0000000009f3b000 Threw 0x00000000ebffbc78 at C:\re\jdk7u65\1313\hotspot\src\share\vm\prims\jvm.cpp:1244

Events (10 events):
Event: 57.070 Executing VM operation: RevokeBias done
Event: 57.078 loading class 0x000000000266b6c0
Event: 57.078 loading class 0x000000000266b6c0 done
Event: 57.079 loading class 0x0000000009f421b0
Event: 57.079 loading class 0x0000000009f421b0 done
Event: 57.079 loading class 0x0000000009f42180
Event: 57.094 loading class 0x0000000009f42140
Event: 57.094 loading class 0x0000000009f42140 done
Event: 57.094 loading class 0x0000000009f42180 done
Event: 57.094 Executing VM operation: Exit


Dynamic libraries:
0x00007ff610c80000 - 0x00007ff610cb3000 	C:\Program Files\Java\jdk1.7.0_65\bin\java.exe
0x00007fff75470000 - 0x00007fff75631000 	C:\WINDOWS\SYSTEM32\ntdll.dll
0x00007fff730d0000 - 0x00007fff7317d000 	C:\WINDOWS\system32\KERNEL32.DLL
0x00007fff72960000 - 0x00007fff72b3d000 	C:\WINDOWS\system32\KERNELBASE.dll
0x00007fff736c0000 - 0x00007fff73766000 	C:\WINDOWS\system32\ADVAPI32.dll
0x00007fff73450000 - 0x00007fff734ed000 	C:\WINDOWS\system32\msvcrt.dll
0x00007fff73640000 - 0x00007fff7369b000 	C:\WINDOWS\system32\sechost.dll
0x00007fff75050000 - 0x00007fff75176000 	C:\WINDOWS\system32\RPCRT4.dll
0x00007fff72c30000 - 0x00007fff72d7e000 	C:\WINDOWS\system32\USER32.dll
0x00007fff72ee0000 - 0x00007fff73066000 	C:\WINDOWS\system32\GDI32.dll
0x00007fff64590000 - 0x00007fff64804000 	C:\WINDOWS\WinSxS\amd64_microsoft.windows.common-controls_6595b64144ccf1df_6.0.10240.16384_none_f41f7b285750ef43\COMCTL32.dll
0x00007fff73070000 - 0x00007fff730a6000 	C:\WINDOWS\system32\IMM32.DLL
0x00007fff72d80000 - 0x00007fff72edc000 	C:\WINDOWS\system32\MSCTF.dll
0x00000000734c0000 - 0x0000000073592000 	C:\Program Files\Java\jdk1.7.0_65\jre\bin\msvcr100.dll
0x0000000073950000 - 0x0000000074122000 	C:\Program Files\Java\jdk1.7.0_65\jre\bin\server\jvm.dll
0x00007fff72c20000 - 0x00007fff72c28000 	C:\WINDOWS\system32\PSAPI.DLL
0x00007fff70380000 - 0x00007fff703a3000 	C:\WINDOWS\SYSTEM32\WINMM.dll
0x00007fff6f4d0000 - 0x00007fff6f4d9000 	C:\WINDOWS\SYSTEM32\WSOCK32.dll
0x00007fff70350000 - 0x00007fff7037c000 	C:\WINDOWS\SYSTEM32\WINMMBASE.dll
0x00007fff72910000 - 0x00007fff72954000 	C:\WINDOWS\system32\cfgmgr32.dll
0x00007fff70810000 - 0x00007fff70837000 	C:\WINDOWS\SYSTEM32\DEVOBJ.dll
0x00007fff73830000 - 0x00007fff73899000 	C:\WINDOWS\system32\WS2_32.dll
0x00007fff730c0000 - 0x00007fff730c8000 	C:\WINDOWS\system32\NSI.dll
0x0000000073940000 - 0x000000007394f000 	C:\Program Files\Java\jdk1.7.0_65\jre\bin\verify.dll
0x0000000073910000 - 0x0000000073938000 	C:\Program Files\Java\jdk1.7.0_65\jre\bin\java.dll
0x00000000738f0000 - 0x0000000073905000 	C:\Program Files\Java\jdk1.7.0_65\jre\bin\zip.dll
0x00007fff70400000 - 0x00007fff7040f000 	C:\Users\Norman\AppData\Local\Android\android-studio\bin\breakgen64.dll
0x00000000738d0000 - 0x00000000738e9000 	C:\Program Files\Java\jdk1.7.0_65\jre\bin\net.dll
0x00007fff716b0000 - 0x00007fff7170d000 	C:\WINDOWS\system32\mswsock.dll
0x0000000065580000 - 0x0000000065616000 	C:\Users\Norman\AppData\Local\Temp\libgdxNorman\463f4817\gdx64.dll
0x00007fff71710000 - 0x00007fff71727000 	C:\WINDOWS\SYSTEM32\CRYPTSP.dll
0x00007fff719e0000 - 0x00007fff71a08000 	C:\WINDOWS\SYSTEM32\bcrypt.dll
0x00007fff71360000 - 0x00007fff71393000 	C:\WINDOWS\system32\rsaenh.dll
0x00007fff71500000 - 0x00007fff7151f000 	C:\WINDOWS\SYSTEM32\USERENV.dll
0x00007fff71f00000 - 0x00007fff71f13000 	C:\WINDOWS\system32\profapi.dll
0x00007fff71cf0000 - 0x00007fff71d5b000 	C:\WINDOWS\system32\bcryptprimitives.dll
0x00007fff71880000 - 0x00007fff7188b000 	C:\WINDOWS\SYSTEM32\CRYPTBASE.dll
0x00007fff6ed70000 - 0x00007fff6eda8000 	C:\WINDOWS\SYSTEM32\IPHLPAPI.DLL
0x00007fff6ed60000 - 0x00007fff6ed6b000 	C:\WINDOWS\SYSTEM32\WINNSI.DLL
0x00007fff6d0c0000 - 0x00007fff6d0d6000 	C:\WINDOWS\SYSTEM32\dhcpcsvc6.DLL
0x00007fff6ae60000 - 0x00007fff6ae7a000 	C:\WINDOWS\SYSTEM32\dhcpcsvc.DLL
0x00000000738b0000 - 0x00000000738c1000 	C:\Program Files\Java\jdk1.7.0_65\jre\bin\nio.dll
0x0000000180000000 - 0x0000000180053000 	C:\Users\Norman\AppData\Local\Temp\libgdxNorman\dc0f0009\lwjgl64.dll
0x00007fff5c250000 - 0x00007fff5c378000 	C:\WINDOWS\SYSTEM32\OPENGL32.dll
0x00007fff67200000 - 0x00007fff6720a000 	C:\WINDOWS\SYSTEM32\VERSION.dll
0x00007fff615e0000 - 0x00007fff6160e000 	C:\WINDOWS\SYSTEM32\GLU32.dll
0x00007fff5c110000 - 0x00007fff5c206000 	C:\WINDOWS\SYSTEM32\DDRAW.dll
0x00007fff615d0000 - 0x00007fff615d8000 	C:\WINDOWS\SYSTEM32\DCIMAN32.dll
0x000000000a5f0000 - 0x000000000a654000 	C:\Users\Norman\AppData\Local\Temp\libgdxNorman\dc0f0009\OpenAL64.dll
0x00007fff73b20000 - 0x00007fff75042000 	C:\WINDOWS\system32\SHELL32.dll
0x00007fff722e0000 - 0x00007fff72909000 	C:\WINDOWS\system32\windows.storage.dll
0x00007fff738a0000 - 0x00007fff73b1c000 	C:\WINDOWS\system32\combase.dll
0x00007fff73330000 - 0x00007fff73381000 	C:\WINDOWS\system32\shlwapi.dll
0x00007fff71ef0000 - 0x00007fff71eff000 	C:\WINDOWS\system32\kernel.appcore.dll
0x00007fff721c0000 - 0x00007fff72273000 	C:\WINDOWS\system32\shcore.dll
0x00007fff71ea0000 - 0x00007fff71eea000 	C:\WINDOWS\system32\powrprof.dll
0x00007fff734f0000 - 0x00007fff73631000 	C:\WINDOWS\system32\ole32.dll
0x00007fff70700000 - 0x00007fff70796000 	C:\WINDOWS\system32\uxtheme.dll
0x00007fff55160000 - 0x00007fff55188000 	C:\Program Files (x86)\Raptr\ltc_help64-105773.dll
0x00007fff72280000 - 0x00007fff722d4000 	C:\WINDOWS\system32\WINTRUST.dll
0x00007fff71f20000 - 0x00007fff71f31000 	C:\WINDOWS\system32\MSASN1.dll
0x00007fff71f40000 - 0x00007fff72101000 	C:\WINDOWS\system32\CRYPT32.dll
0x00007fff753c0000 - 0x00007fff75465000 	C:\WINDOWS\system32\clbcatq.dll
0x00007fff6fa40000 - 0x00007fff6fbc3000 	C:\WINDOWS\System32\PROPSYS.dll
0x00007fff73770000 - 0x00007fff7382e000 	C:\WINDOWS\system32\OLEAUT32.dll
0x00007fff655e0000 - 0x00007fff6567c000 	C:\WINDOWS\SYSTEM32\dsound.dll
0x00007fff6ead0000 - 0x00007fff6eb42000 	C:\WINDOWS\System32\MMDevApi.dll
0x00007fff67ec0000 - 0x00007fff67f45000 	C:\WINDOWS\SYSTEM32\AUDIOSES.DLL
0x00007fff6f1d0000 - 0x00007fff6f301000 	C:\WINDOWS\SYSTEM32\wintypes.dll
0x00007fff6f9f0000 - 0x00007fff6fa12000 	C:\WINDOWS\system32\dwmapi.dll
0x00007fff41bc0000 - 0x00007fff426b3000 	C:\WINDOWS\SYSTEM32\ig75icd64.dll
0x00007fff6fd90000 - 0x00007fff6fda3000 	C:\WINDOWS\SYSTEM32\WTSAPI32.dll
0x00007fff6d200000 - 0x00007fff6dc02000 	C:\WINDOWS\SYSTEM32\igdusc64.dll
0x00007fff468a0000 - 0x00007fff46931000 	C:\WINDOWS\SYSTEM32\mscms.dll
0x00007fff650d0000 - 0x00007fff65112000 	C:\WINDOWS\SYSTEM32\icm32.dll
0x00007fff736a0000 - 0x00007fff736bc000 	C:\WINDOWS\system32\imagehlp.dll
0x00007fff70dc0000 - 0x00007fff70de3000 	C:\WINDOWS\SYSTEM32\gpapi.dll
0x00007fff70410000 - 0x00007fff7043f000 	C:\Windows\System32\cryptnet.dll
0x00007fff73390000 - 0x00007fff733eb000 	C:\WINDOWS\system32\WLDAP32.dll
0x00007fff41970000 - 0x00007fff41bb8000 	C:\PROGRA~2\Raptr\ltc_game64-105773.dll
0x00007fff55cc0000 - 0x00007fff55e4a000 	C:\WINDOWS\SYSTEM32\dbghelp.dll

VM Arguments:
jvm_args: -Didea.launcher.port=7533 -Didea.launcher.bin.path=C:\Users\Norman\AppData\Local\Android\android-studio\bin -Dfile.encoding=UTF-8 
java_command: com.intellij.rt.execution.application.AppMain com.norman.game.desktop.DesktopLauncher
Launcher Type: SUN_STANDARD

Environment Variables:
JAVA_HOME=C:\Program Files\Java\jdk1.7.0_65
PATH=C:\ProgramData\Oracle\Java\javapath;C:\Program Files (x86)\NVIDIA Corporation\PhysX\Common;C:\Users\Norman\AppData\Roaming\Composer\vendor\bin;C:\xampp\php\php.exe;C:\HashiCorp\Vagrant\bin;C:\Program Files\Java\jdk1.7.0_65\bin\javaw.exe;C:\WINDOWS\system32;C:\WINDOWS;C:\WINDOWS\System32\Wbem;C:\WINDOWS\System32\WindowsPowerShell\v1.0\;C:\Program Files (x86)\ATI Technologies\ATI.ACE\Core-Static;C:\Program Files (x86)\AMD\ATI.ACE\Core-Static;C:\Program Files (x86)\Skype\Phone\;C:\Users\Norman\AppData\Roaming\Composer\vendor\bin;C:\xampp\php;C:\Program Files\Java\jdk1.7.0_65\bin\javaw.exe
USERNAME=Norman
OS=Windows_NT
PROCESSOR_IDENTIFIER=Intel64 Family 6 Model 60 Stepping 3, GenuineIntel



---------------  S Y S T E M  ---------------

OS: Windows 8.1 , 64 bit Build 9600 

CPU:total 4 (2 cores per cpu, 2 threads per core) family 6 model 60 stepping 3, cmov, cx8, fxsr, mmx, sse, sse2, sse3, ssse3, sse4.1, sse4.2, popcnt, avx, avx2, aes, erms, ht, tsc, tscinvbit

Memory: 4k page, physical 4104472k(239564k free), swap 8167704k(1392296k free)

vm_info: Java HotSpot(TM) 64-Bit Server VM (24.65-b04) for windows-amd64 JRE (1.7.0_65-b19), built on Jul  9 2014 17:47:07 by "java_re" with unknown MS VC++:1600

time: Thu Dec 03 22:49:34 2015
elapsed time: 57 seconds

