#
# A fatal error has been detected by the Java Runtime Environment:
#
#  EXCEPTION_ACCESS_VIOLATION (0xc0000005) at pc=0x00007ffe5f021ed4, pid=1604, tid=7180
#
# JRE version: Java(TM) SE Runtime Environment (7.0_65-b19) (build 1.7.0_65-b19)
# Java VM: Java HotSpot(TM) 64-Bit Server VM (24.65-b04 mixed mode windows-amd64 compressed oops)
# Problematic frame:
# C  [OPENGL32.dll+0xe1ed4]
#
# Failed to write core dump. Minidumps are not enabled by default on client versions of Windows
#
# If you would like to submit a bug report, please visit:
#   http://bugreport.sun.com/bugreport/crash.jsp
#

---------------  T H R E A D  ---------------

Current thread (0x0000000008193800):  VMThread [stack: 0x0000000009250000,0x0000000009350000] [id=7180]

siginfo: ExceptionCode=0xc0000005, reading address 0x0000000000000a38

Registers:
RAX=0x0000000000000000, RBX=0x0000000051e33030, RCX=0x0000000000000001, RDX=0x0000000051e33038
RSP=0x000000000934f188, RBP=0x0000000000000000, RSI=0x0000000051e34c60, RDI=0x0000000051e34c60
R8 =0x000000000934f208, R9 =0x00000000080c5400, R10=0x0000000000000042, R11=0x000000000934edd0
R12=0x0000000000000000, R13=0x0000000050f97950, R14=0x0000000050f97800, R15=0x0000000000000000
RIP=0x00007ffe5f021ed4, EFLAGS=0x0000000000010287

Top of Stack: (sp=0x000000000934f188)
0x000000000934f188:   00007ffe45f926cb 0000000000000001
0x000000000934f198:   0000000051e33038 000000000934f208
0x000000000934f1a8:   00000000080c5400 0000000000000000
0x000000000934f1b8:   00007ffe45f98197 0000000050f90000
0x000000000934f1c8:   0000000050f90000 0000000000000000
0x000000000934f1d8:   0000000000000000 fffffffffffffffe
0x000000000934f1e8:   000000000934f250 0000000000000000
0x000000000934f1f8:   00007ffe45f98a49 0000000051e34c60
0x000000000934f208:   0000000050f9c920 00007ffe460817b0
0x000000000934f218:   00007ffe46015568 fffffffffffffffe
0x000000000934f228:   0000000050f97800 0000000000000001
0x000000000934f238:   0000000050f97928 0000000050f97800
0x000000000934f248:   00007ffe4601d61d 00007ffe461565b0
0x000000000934f258:   00007ffe460817a0 00000000080c5400
0x000000000934f268:   0000000008194210 0000000050f97928
0x000000000934f278:   0000000050f97800 0000000050f97800 

Instructions: (pc=0x00007ffe5f021ed4)
0x00007ffe5f021eb4:   cc cc cc cc cc cc 66 0f 1f 44 00 00 8b 05 42 71
0x00007ffe5f021ec4:   01 00 83 f8 40 73 0f 65 48 8b 04 c5 80 14 00 00
0x00007ffe5f021ed4:   ff a0 38 0a 00 00 b8 47 01 00 00 e9 ec d4 ff ff
0x00007ffe5f021ee4:   cc cc cc cc cc cc 66 0f 1f 44 00 00 8b 05 12 71 


Register to memory mapping:

RAX=0x0000000000000000 is an unknown value
RBX=0x0000000051e33030 is an unknown value
RCX=0x0000000000000001 is an unknown value
RDX=0x0000000051e33038 is an unknown value
RSP=0x000000000934f188 is an unknown value
RBP=0x0000000000000000 is an unknown value
RSI=0x0000000051e34c60 is an unknown value
RDI=0x0000000051e34c60 is an unknown value
R8 =0x000000000934f208 is an unknown value
R9 =0x00000000080c5400 is an unknown value
R10=0x0000000000000042 is an unknown value
R11=0x000000000934edd0 is an unknown value
R12=0x0000000000000000 is an unknown value
R13=0x0000000050f97950 is an unknown value
R14=0x0000000050f97800 is an unknown value
R15=0x0000000000000000 is an unknown value


Stack: [0x0000000009250000,0x0000000009350000],  sp=0x000000000934f188,  free space=1020k
Native frames: (J=compiled Java code, j=interpreted, Vv=VM code, C=native code)
C  [OPENGL32.dll+0xe1ed4]

[error occurred during error reporting (printing native stack), id 0xc0000005]

VM_Operation (0x000000000abdf2d0): Exit, mode: safepoint, requested by thread 0x0000000009e88000


---------------  P R O C E S S  ---------------

Java Threads: ( => current thread )
  0x000000004b49d800 JavaThread "LWJGL Timer" daemon [_thread_blocked, id=8180, stack(0x000000004ba40000,0x000000004bb40000)]
  0x00000000023d2800 JavaThread "DestroyJavaVM" [_thread_blocked, id=7636, stack(0x00000000022d0000,0x00000000023d0000)]
  0x0000000009e88000 JavaThread "LWJGL Application" [_thread_blocked, id=208, stack(0x000000000aae0000,0x000000000abe0000)]
  0x0000000009d47000 JavaThread "Monitor Ctrl-Break" daemon [_thread_in_native, id=6948, stack(0x0000000009f50000,0x000000000a050000)]
  0x00000000081ea000 JavaThread "Service Thread" daemon [_thread_blocked, id=4532, stack(0x0000000009950000,0x0000000009a50000)]
  0x00000000081df800 JavaThread "C2 CompilerThread1" daemon [_thread_blocked, id=3060, stack(0x0000000009850000,0x0000000009950000)]
  0x00000000081de000 JavaThread "C2 CompilerThread0" daemon [_thread_blocked, id=7552, stack(0x0000000009750000,0x0000000009850000)]
  0x00000000081dd000 JavaThread "Attach Listener" daemon [_thread_blocked, id=7888, stack(0x0000000009650000,0x0000000009750000)]
  0x00000000081d9800 JavaThread "Signal Dispatcher" daemon [_thread_blocked, id=7968, stack(0x0000000009550000,0x0000000009650000)]
  0x000000000819b000 JavaThread "Finalizer" daemon [_thread_blocked, id=4284, stack(0x0000000009450000,0x0000000009550000)]
  0x0000000008197800 JavaThread "Reference Handler" daemon [_thread_blocked, id=6916, stack(0x0000000009350000,0x0000000009450000)]

Other Threads:
=>0x0000000008193800 VMThread [stack: 0x0000000009250000,0x0000000009350000] [id=7180]

VM state:at safepoint (shutting down)

VM Mutex/Monitor currently owned by a thread:  ([mutex/lock_event])
[0x000000000094dd10] Threads_lock - owner thread: 0x0000000008193800

Heap
 PSYoungGen      total 18944K, used 15139K [0x00000000eb100000, 0x00000000ec600000, 0x0000000100000000)
  eden space 16384K, 92% used [0x00000000eb100000,0x00000000ebfc8f70,0x00000000ec100000)
  from space 2560K, 0% used [0x00000000ec380000,0x00000000ec380000,0x00000000ec600000)
  to   space 2560K, 0% used [0x00000000ec100000,0x00000000ec100000,0x00000000ec380000)
 ParOldGen       total 42496K, used 0K [0x00000000c1400000, 0x00000000c3d80000, 0x00000000eb100000)
  object space 42496K, 0% used [0x00000000c1400000,0x00000000c1400000,0x00000000c3d80000)
 PSPermGen       total 21504K, used 7214K [0x00000000bc200000, 0x00000000bd700000, 0x00000000c1400000)
  object space 21504K, 33% used [0x00000000bc200000,0x00000000bc90bbd0,0x00000000bd700000)

Card table byte_map: [0x00000000054d0000,0x00000000056f0000] byte_map_base: 0x0000000004eef000

Polling page: 0x0000000000910000

Code Cache  [0x00000000024d0000, 0x0000000002740000, 0x00000000054d0000)
 total_blobs=513 nmethods=94 adapters=372 free_code_cache=48476Kb largest_free_block=49618816

Compilation events (10 events):
Event: 37.566 Thread 0x00000000081df800 nmethod 90 0x0000000002579a50 code [0x0000000002579b80, 0x0000000002579bd8]
Event: 37.566 Thread 0x00000000081de000 nmethod 89 0x000000000256ff10 code [0x0000000002570040, 0x0000000002570098]
Event: 37.606 Thread 0x00000000081df800   91             java.nio.Buffer::flip (20 bytes)
Event: 37.607 Thread 0x00000000081df800 nmethod 91 0x000000000256fd10 code [0x000000000256fe40, 0x000000000256fe98]
Event: 38.210 Thread 0x00000000081df800   93             com.badlogic.gdx.graphics.g2d.SpriteBatch::draw (312 bytes)
Event: 38.210 Thread 0x00000000081de000   92             com.badlogic.gdx.graphics.g2d.SpriteBatch::draw (18 bytes)
Event: 38.214 Thread 0x00000000081df800 nmethod 93 0x000000000257cc50 code [0x000000000257cde0, 0x000000000257d178]
Event: 38.214 Thread 0x00000000081de000 nmethod 92 0x0000000002567450 code [0x00000000025675e0, 0x0000000002567998]
Event: 38.897 Thread 0x00000000081df800   94   !         org.lwjgl.opengl.Display::isCreated (17 bytes)
Event: 38.898 Thread 0x00000000081df800 nmethod 94 0x0000000002567050 code [0x00000000025671a0, 0x00000000025673d8]

GC Heap History (0 events):
No events

Deoptimization events (0 events):
No events

Internal exceptions (10 events):
Event: 3.835 Thread 0x0000000009e88000 Threw 0x00000000ebf11d20 at C:\re\jdk7u65\1313\hotspot\src\share\vm\prims\jvm.cpp:1244
Event: 3.836 Thread 0x0000000009e88000 Threw 0x00000000ebf1dc90 at C:\re\jdk7u65\1313\hotspot\src\share\vm\prims\jvm.cpp:1244
Event: 3.837 Thread 0x0000000009e88000 Threw 0x00000000ebf23c00 at C:\re\jdk7u65\1313\hotspot\src\share\vm\prims\jvm.cpp:1244
Event: 3.838 Thread 0x0000000009e88000 Threw 0x00000000ebf2a9a0 at C:\re\jdk7u65\1313\hotspot\src\share\vm\prims\jvm.cpp:1244
Event: 3.841 Thread 0x0000000009e88000 Threw 0x00000000ebf37c28 at C:\re\jdk7u65\1313\hotspot\src\share\vm\prims\jvm.cpp:1244
Event: 5.570 Thread 0x0000000009e88000 Threw 0x00000000ebf3f108 at C:\re\jdk7u65\1313\hotspot\src\share\vm\prims\jvm.cpp:1244
Event: 5.991 Thread 0x0000000009e88000 Threw 0x00000000ebf59ba8 at C:\re\jdk7u65\1313\hotspot\src\share\vm\prims\jvm.cpp:1244
Event: 42.366 Thread 0x0000000009e88000 Threw 0x00000000ebf897c8 at C:\re\jdk7u65\1313\hotspot\src\share\vm\prims\jvm.cpp:1244
Event: 42.367 Thread 0x0000000009e88000 Threw 0x00000000ebf8f030 at C:\re\jdk7u65\1313\hotspot\src\share\vm\prims\jvm.cpp:1244
Event: 42.387 Thread 0x0000000009e88000 Threw 0x00000000ebf96640 at C:\re\jdk7u65\1313\hotspot\src\share\vm\prims\jvm.cpp:1244

Events (10 events):
Event: 42.387 loading class 0x0000000009cc92f0 done
Event: 42.402 loading class 0x00000000024496b0
Event: 42.402 loading class 0x00000000024496b0 done
Event: 42.402 loading class 0x000000000823be60
Event: 42.403 loading class 0x000000000823be60 done
Event: 42.403 loading class 0x000000000823be30
Event: 42.403 loading class 0x000000000823bdf0
Event: 42.403 loading class 0x000000000823bdf0 done
Event: 42.403 loading class 0x000000000823be30 done
Event: 42.403 Executing VM operation: Exit


Dynamic libraries:
0x00007ff699e20000 - 0x00007ff699e53000 	C:\Program Files\Java\jdk1.7.0_65\bin\java.exe
0x00007ffe781b0000 - 0x00007ffe78371000 	C:\WINDOWS\SYSTEM32\ntdll.dll
0x00007ffe77350000 - 0x00007ffe773fd000 	C:\WINDOWS\system32\KERNEL32.DLL
0x00007ffe753d0000 - 0x00007ffe755ad000 	C:\WINDOWS\system32\KERNELBASE.dll
0x00007ffe77790000 - 0x00007ffe77836000 	C:\WINDOWS\system32\ADVAPI32.dll
0x00007ffe758e0000 - 0x00007ffe7597d000 	C:\WINDOWS\system32\msvcrt.dll
0x00007ffe75880000 - 0x00007ffe758db000 	C:\WINDOWS\system32\sechost.dll
0x00007ffe77c50000 - 0x00007ffe77d76000 	C:\WINDOWS\system32\RPCRT4.dll
0x00007ffe77ac0000 - 0x00007ffe77c0e000 	C:\WINDOWS\system32\USER32.dll
0x00007ffe77e10000 - 0x00007ffe77f96000 	C:\WINDOWS\system32\GDI32.dll
0x00007ffe66870000 - 0x00007ffe66ae4000 	C:\WINDOWS\WinSxS\amd64_microsoft.windows.common-controls_6595b64144ccf1df_6.0.10240.16384_none_f41f7b285750ef43\COMCTL32.dll
0x00007ffe77c10000 - 0x00007ffe77c46000 	C:\WINDOWS\system32\IMM32.DLL
0x00007ffe77400000 - 0x00007ffe7755c000 	C:\WINDOWS\system32\MSCTF.dll
0x0000000061f90000 - 0x0000000062062000 	C:\Program Files\Java\jdk1.7.0_65\jre\bin\msvcr100.dll
0x0000000062420000 - 0x0000000062bf2000 	C:\Program Files\Java\jdk1.7.0_65\jre\bin\server\jvm.dll
0x00007ffe77d80000 - 0x00007ffe77d88000 	C:\WINDOWS\system32\PSAPI.DLL
0x00007ffe730d0000 - 0x00007ffe730f3000 	C:\WINDOWS\SYSTEM32\WINMM.dll
0x00007ffe6ee00000 - 0x00007ffe6ee09000 	C:\WINDOWS\SYSTEM32\WSOCK32.dll
0x00007ffe73070000 - 0x00007ffe7309c000 	C:\WINDOWS\SYSTEM32\WINMMBASE.dll
0x00007ffe77da0000 - 0x00007ffe77e09000 	C:\WINDOWS\system32\WS2_32.dll
0x00007ffe75a90000 - 0x00007ffe75a98000 	C:\WINDOWS\system32\NSI.dll
0x00007ffe75660000 - 0x00007ffe756a4000 	C:\WINDOWS\system32\cfgmgr32.dll
0x00007ffe73550000 - 0x00007ffe73577000 	C:\WINDOWS\SYSTEM32\DEVOBJ.dll
0x0000000062410000 - 0x000000006241f000 	C:\Program Files\Java\jdk1.7.0_65\jre\bin\verify.dll
0x00000000623e0000 - 0x0000000062408000 	C:\Program Files\Java\jdk1.7.0_65\jre\bin\java.dll
0x00000000623c0000 - 0x00000000623d5000 	C:\Program Files\Java\jdk1.7.0_65\jre\bin\zip.dll
0x00007ffe6c020000 - 0x00007ffe6c02f000 	C:\Users\Norman\AppData\Local\Android\android-studio\bin\breakgen64.dll
0x00000000623a0000 - 0x00000000623b9000 	C:\Program Files\Java\jdk1.7.0_65\jre\bin\net.dll
0x00007ffe743c0000 - 0x00007ffe7441d000 	C:\WINDOWS\system32\mswsock.dll
0x0000000065580000 - 0x0000000065616000 	C:\Users\Norman\AppData\Local\Temp\libgdxNorman\463f4817\gdx64.dll
0x00007ffe74420000 - 0x00007ffe74437000 	C:\WINDOWS\SYSTEM32\CRYPTSP.dll
0x00007ffe74720000 - 0x00007ffe74748000 	C:\WINDOWS\SYSTEM32\bcrypt.dll
0x00007ffe74080000 - 0x00007ffe740b3000 	C:\WINDOWS\system32\rsaenh.dll
0x00007ffe74220000 - 0x00007ffe7423f000 	C:\WINDOWS\SYSTEM32\USERENV.dll
0x00007ffe74be0000 - 0x00007ffe74bf3000 	C:\WINDOWS\system32\profapi.dll
0x00007ffe74a30000 - 0x00007ffe74a9b000 	C:\WINDOWS\system32\bcryptprimitives.dll
0x00007ffe746e0000 - 0x00007ffe746eb000 	C:\WINDOWS\SYSTEM32\CRYPTBASE.dll
0x00007ffe71b00000 - 0x00007ffe71b38000 	C:\WINDOWS\SYSTEM32\IPHLPAPI.DLL
0x00007ffe6f7b0000 - 0x00007ffe6f7bb000 	C:\WINDOWS\SYSTEM32\WINNSI.DLL
0x00007ffe6f8f0000 - 0x00007ffe6f906000 	C:\WINDOWS\SYSTEM32\dhcpcsvc6.DLL
0x00007ffe6f8d0000 - 0x00007ffe6f8ea000 	C:\WINDOWS\SYSTEM32\dhcpcsvc.DLL
0x0000000062380000 - 0x0000000062391000 	C:\Program Files\Java\jdk1.7.0_65\jre\bin\nio.dll
0x0000000180000000 - 0x0000000180053000 	C:\Users\Norman\AppData\Local\Temp\libgdxNorman\dc0f0009\lwjgl64.dll
0x00007ffe5ef40000 - 0x00007ffe5f068000 	C:\WINDOWS\SYSTEM32\OPENGL32.dll
0x00007ffe6a7a0000 - 0x00007ffe6a7aa000 	C:\WINDOWS\SYSTEM32\VERSION.dll
0x00007ffe5ef10000 - 0x00007ffe5ef3e000 	C:\WINDOWS\SYSTEM32\GLU32.dll
0x00007ffe5eda0000 - 0x00007ffe5ee96000 	C:\WINDOWS\SYSTEM32\DDRAW.dll
0x00007ffe65670000 - 0x00007ffe65678000 	C:\WINDOWS\SYSTEM32\DCIMAN32.dll
0x000000000a3b0000 - 0x000000000a414000 	C:\Users\Norman\AppData\Local\Temp\libgdxNorman\dc0f0009\OpenAL64.dll
0x00007ffe75aa0000 - 0x00007ffe76fc2000 	C:\WINDOWS\system32\SHELL32.dll
0x00007ffe74da0000 - 0x00007ffe753c9000 	C:\WINDOWS\system32\windows.storage.dll
0x00007ffe77840000 - 0x00007ffe77abc000 	C:\WINDOWS\system32\combase.dll
0x00007ffe75a30000 - 0x00007ffe75a81000 	C:\WINDOWS\system32\shlwapi.dll
0x00007ffe74c20000 - 0x00007ffe74c2f000 	C:\WINDOWS\system32\kernel.appcore.dll
0x00007ffe74c80000 - 0x00007ffe74d33000 	C:\WINDOWS\system32\shcore.dll
0x00007ffe74c30000 - 0x00007ffe74c7a000 	C:\WINDOWS\system32\powrprof.dll
0x00007ffe77fa0000 - 0x00007ffe780e1000 	C:\WINDOWS\system32\ole32.dll
0x00007ffe734b0000 - 0x00007ffe73546000 	C:\WINDOWS\system32\uxtheme.dll
0x00007ffe4dad0000 - 0x00007ffe4daf8000 	C:\Program Files (x86)\Raptr\ltc_help64-105427.dll
0x00007ffe74d40000 - 0x00007ffe74d94000 	C:\WINDOWS\system32\WINTRUST.dll
0x00007ffe74c00000 - 0x00007ffe74c11000 	C:\WINDOWS\system32\MSASN1.dll
0x00007ffe756b0000 - 0x00007ffe75871000 	C:\WINDOWS\system32\CRYPT32.dll
0x00007ffe75980000 - 0x00007ffe75a25000 	C:\WINDOWS\system32\clbcatq.dll
0x00007ffe72740000 - 0x00007ffe728c3000 	C:\WINDOWS\System32\PROPSYS.dll
0x00007ffe780f0000 - 0x00007ffe781ae000 	C:\WINDOWS\system32\OLEAUT32.dll
0x00007ffe58b60000 - 0x00007ffe58bfc000 	C:\WINDOWS\SYSTEM32\dsound.dll
0x00007ffe71950000 - 0x00007ffe719c2000 	C:\WINDOWS\System32\MMDevApi.dll
0x00007ffe6a800000 - 0x00007ffe6a885000 	C:\WINDOWS\SYSTEM32\AUDIOSES.DLL
0x00007ffe71fb0000 - 0x00007ffe720e1000 	C:\WINDOWS\SYSTEM32\wintypes.dll
0x00007ffe72710000 - 0x00007ffe72732000 	C:\WINDOWS\system32\dwmapi.dll
0x00007ffe46180000 - 0x00007ffe46c73000 	C:\WINDOWS\SYSTEM32\ig75icd64.dll
0x00007ffe729c0000 - 0x00007ffe729d3000 	C:\WINDOWS\SYSTEM32\WTSAPI32.dll
0x00007ffe6ff50000 - 0x00007ffe70952000 	C:\WINDOWS\SYSTEM32\igdusc64.dll
0x00007ffe4bef0000 - 0x00007ffe4bf81000 	C:\WINDOWS\SYSTEM32\mscms.dll
0x00007ffe5d880000 - 0x00007ffe5d8c2000 	C:\WINDOWS\SYSTEM32\icm32.dll
0x00007ffe76fd0000 - 0x00007ffe76fec000 	C:\WINDOWS\system32\imagehlp.dll
0x00007ffe73b00000 - 0x00007ffe73b23000 	C:\WINDOWS\SYSTEM32\gpapi.dll
0x00007ffe6dfc0000 - 0x00007ffe6dfef000 	C:\Windows\System32\cryptnet.dll
0x00007ffe77280000 - 0x00007ffe772db000 	C:\WINDOWS\system32\WLDAP32.dll
0x00007ffe45f30000 - 0x00007ffe46178000 	C:\PROGRA~2\Raptr\ltc_game64-105427.dll
0x00007ffe665d0000 - 0x00007ffe6675a000 	C:\WINDOWS\SYSTEM32\dbghelp.dll

VM Arguments:
jvm_args: -Didea.launcher.port=7540 -Didea.launcher.bin.path=C:\Users\Norman\AppData\Local\Android\android-studio\bin -Dfile.encoding=UTF-8 
java_command: com.intellij.rt.execution.application.AppMain com.norman.game.desktop.DesktopLauncher
Launcher Type: SUN_STANDARD

Environment Variables:
JAVA_HOME=C:\Program Files\Java\jdk1.7.0_65
PATH=C:\ProgramData\Oracle\Java\javapath;C:\Program Files (x86)\NVIDIA Corporation\PhysX\Common;C:\Users\Norman\AppData\Roaming\Composer\vendor\bin;C:\xampp\php\php.exe;C:\HashiCorp\Vagrant\bin;C:\Program Files\Java\jdk1.7.0_65\bin\javaw.exe;C:\WINDOWS\system32;C:\WINDOWS;C:\WINDOWS\System32\Wbem;C:\WINDOWS\System32\WindowsPowerShell\v1.0\;C:\Program Files (x86)\ATI Technologies\ATI.ACE\Core-Static;C:\Program Files (x86)\AMD\ATI.ACE\Core-Static;C:\Program Files (x86)\Skype\Phone\;C:\Users\Norman\AppData\Roaming\Composer\vendor\bin;C:\xampp\php;C:\Program Files\Java\jdk1.7.0_65\bin\javaw.exe
USERNAME=Norman
OS=Windows_NT
PROCESSOR_IDENTIFIER=Intel64 Family 6 Model 60 Stepping 3, GenuineIntel



---------------  S Y S T E M  ---------------

OS: Windows 8.1 , 64 bit Build 9600 

CPU:total 4 (2 cores per cpu, 2 threads per core) family 6 model 60 stepping 3, cmov, cx8, fxsr, mmx, sse, sse2, sse3, ssse3, sse4.1, sse4.2, popcnt, avx, avx2, aes, erms, ht, tsc, tscinvbit

Memory: 4k page, physical 4104472k(326348k free), swap 8922152k(1539844k free)

vm_info: Java HotSpot(TM) 64-Bit Server VM (24.65-b04) for windows-amd64 JRE (1.7.0_65-b19), built on Jul  9 2014 17:47:07 by "java_re" with unknown MS VC++:1600

time: Fri Nov 20 23:18:03 2015
elapsed time: 42 seconds

