#
# A fatal error has been detected by the Java Runtime Environment:
#
#  EXCEPTION_ACCESS_VIOLATION (0xc0000005) at pc=0x00007ff83bb01ed4, pid=5132, tid=1756
#
# JRE version: Java(TM) SE Runtime Environment (7.0_65-b19) (build 1.7.0_65-b19)
# Java VM: Java HotSpot(TM) 64-Bit Server VM (24.65-b04 mixed mode windows-amd64 compressed oops)
# Problematic frame:
# C  [OPENGL32.dll+0xe1ed4]
#
# Failed to write core dump. Minidumps are not enabled by default on client versions of Windows
#
# If you would like to submit a bug report, please visit:
#   http://bugreport.sun.com/bugreport/crash.jsp
#

---------------  T H R E A D  ---------------

Current thread (0x0000000008983800):  VMThread [stack: 0x0000000009a50000,0x0000000009b50000] [id=1756]

siginfo: ExceptionCode=0xc0000005, reading address 0x0000000000000a38

Registers:
RAX=0x0000000000000000, RBX=0x0000000051bb2d10, RCX=0x0000000000000001, RDX=0x0000000051bb2d18
RSP=0x0000000009b4f428, RBP=0x0000000000000000, RSI=0x0000000051bb4c60, RDI=0x0000000051bb4c60
R8 =0x0000000009b4f4a8, R9 =0x00000000088b5400, R10=0x0000000000000042, R11=0x0000000009b4f070
R12=0x0000000000000000, R13=0x000000000c097950, R14=0x000000000c097800, R15=0x0000000000000000
RIP=0x00007ff83bb01ed4, EFLAGS=0x0000000000010287

Top of Stack: (sp=0x0000000009b4f428)
0x0000000009b4f428:   00007ff848fc29fb 0000000000000001
0x0000000009b4f438:   0000000051bb2d18 0000000009b4f4a8
0x0000000009b4f448:   00000000088b5400 0000000000000000
0x0000000009b4f458:   00007ff848fc84c7 000000000c090000
0x0000000009b4f468:   000000000c090000 0000000000000000
0x0000000009b4f478:   0000000000000000 fffffffffffffffe
0x0000000009b4f488:   0000000009b4f4f0 0000000000000000
0x0000000009b4f498:   00007ff848fc8d79 0000000051bb4c60
0x0000000009b4f4a8:   000000000c09c330 00007ff8490b1880
0x0000000009b4f4b8:   00007ff849045638 fffffffffffffffe
0x0000000009b4f4c8:   000000000c097800 0000000000000001
0x0000000009b4f4d8:   000000000c097928 000000000c097800
0x0000000009b4f4e8:   00007ff84904d6ed 00007ff8491865b0
0x0000000009b4f4f8:   00007ff8490b1870 00000000088b5400
0x0000000009b4f508:   0000000008984210 000000000c097928
0x0000000009b4f518:   000000000c097800 000000000c097800 

Instructions: (pc=0x00007ff83bb01ed4)
0x00007ff83bb01eb4:   cc cc cc cc cc cc 66 0f 1f 44 00 00 8b 05 42 71
0x00007ff83bb01ec4:   01 00 83 f8 40 73 0f 65 48 8b 04 c5 80 14 00 00
0x00007ff83bb01ed4:   ff a0 38 0a 00 00 b8 47 01 00 00 e9 ec d4 ff ff
0x00007ff83bb01ee4:   cc cc cc cc cc cc 66 0f 1f 44 00 00 8b 05 12 71 


Register to memory mapping:

RAX=0x0000000000000000 is an unknown value
RBX=0x0000000051bb2d10 is an unknown value
RCX=0x0000000000000001 is an unknown value
RDX=0x0000000051bb2d18 is an unknown value
RSP=0x0000000009b4f428 is an unknown value
RBP=0x0000000000000000 is an unknown value
RSI=0x0000000051bb4c60 is an unknown value
RDI=0x0000000051bb4c60 is an unknown value
R8 =0x0000000009b4f4a8 is an unknown value
R9 =0x00000000088b5400 is an unknown value
R10=0x0000000000000042 is an unknown value
R11=0x0000000009b4f070 is an unknown value
R12=0x0000000000000000 is an unknown value
R13=0x000000000c097950 is an unknown value
R14=0x000000000c097800 is an unknown value
R15=0x0000000000000000 is an unknown value


Stack: [0x0000000009a50000,0x0000000009b50000],  sp=0x0000000009b4f428,  free space=1021k
Native frames: (J=compiled Java code, j=interpreted, Vv=VM code, C=native code)
C  [OPENGL32.dll+0xe1ed4]

[error occurred during error reporting (printing native stack), id 0xc0000005]

VM_Operation (0x000000000beef510): Exit, mode: safepoint, requested by thread 0x000000000a6a2000


---------------  P R O C E S S  ---------------

Java Threads: ( => current thread )
  0x000000000a59a000 JavaThread "LWJGL Timer" daemon [_thread_blocked, id=3520, stack(0x00000000512e0000,0x00000000513e0000)]
  0x0000000002b02800 JavaThread "DestroyJavaVM" [_thread_blocked, id=1552, stack(0x00000000029d0000,0x0000000002ad0000)]
  0x000000000a6a2000 JavaThread "LWJGL Application" [_thread_blocked, id=3964, stack(0x000000000bdf0000,0x000000000bef0000)]
  0x000000000a3e2000 JavaThread "Monitor Ctrl-Break" daemon [_thread_in_native, id=1500, stack(0x000000000a760000,0x000000000a860000)]
  0x00000000089d4000 JavaThread "Service Thread" daemon [_thread_blocked, id=3636, stack(0x000000000a150000,0x000000000a250000)]
  0x00000000089c8000 JavaThread "C2 CompilerThread1" daemon [_thread_blocked, id=1572, stack(0x000000000a050000,0x000000000a150000)]
  0x00000000089c6000 JavaThread "C2 CompilerThread0" daemon [_thread_blocked, id=2600, stack(0x0000000009f50000,0x000000000a050000)]
  0x00000000089c5000 JavaThread "Attach Listener" daemon [_thread_blocked, id=860, stack(0x0000000009e50000,0x0000000009f50000)]
  0x0000000008990800 JavaThread "Finalizer" daemon [_thread_blocked, id=4980, stack(0x0000000009c50000,0x0000000009d50000)]
  0x0000000008987800 JavaThread "Reference Handler" daemon [_thread_blocked, id=3328, stack(0x0000000009b50000,0x0000000009c50000)]

Other Threads:
=>0x0000000008983800 VMThread [stack: 0x0000000009a50000,0x0000000009b50000] [id=1756]

VM state:at safepoint (shutting down)

VM Mutex/Monitor currently owned by a thread:  ([mutex/lock_event])
[0x0000000002afe610] Threads_lock - owner thread: 0x0000000008983800

Heap
 PSYoungGen      total 18944K, used 3981K [0x00000000eb100000, 0x00000000ec600000, 0x0000000100000000)
  eden space 16384K, 8% used [0x00000000eb100000,0x00000000eb269570,0x00000000ec100000)
  from space 2560K, 99% used [0x00000000ec100000,0x00000000ec37a288,0x00000000ec380000)
  to   space 2560K, 0% used [0x00000000ec380000,0x00000000ec380000,0x00000000ec600000)
 ParOldGen       total 42496K, used 725K [0x00000000c1400000, 0x00000000c3d80000, 0x00000000eb100000)
  object space 42496K, 1% used [0x00000000c1400000,0x00000000c14b5768,0x00000000c3d80000)
 PSPermGen       total 21504K, used 7303K [0x00000000bc200000, 0x00000000bd700000, 0x00000000c1400000)
  object space 21504K, 33% used [0x00000000bc200000,0x00000000bc921e98,0x00000000bd700000)

Card table byte_map: [0x0000000005cc0000,0x0000000005ee0000] byte_map_base: 0x00000000056df000

Polling page: 0x0000000001240000

Code Cache  [0x0000000002c00000, 0x0000000002e70000, 0x0000000005c00000)
 total_blobs=640 nmethods=221 adapters=372 free_code_cache=48184Kb largest_free_block=49317696

Compilation events (10 events):
Event: 87.063 Thread 0x00000000089c8000  217             com.badlogic.gdx.utils.Pools::obtain (8 bytes)
Event: 87.066 Thread 0x00000000089c8000 nmethod 217 0x0000000002cee310 code [0x0000000002cee480, 0x0000000002cee698]
Event: 87.079 Thread 0x00000000089c6000  218             com.badlogic.gdx.graphics.g2d.GlyphLayout::reset (30 bytes)
Event: 87.087 Thread 0x00000000089c6000 nmethod 218 0x0000000002cf4dd0 code [0x0000000002cf4fa0, 0x0000000002cf5578]
Event: 91.556 Thread 0x00000000089c8000  219             java.lang.StringBuilder::append (8 bytes)
Event: 91.559 Thread 0x00000000089c8000 nmethod 219 0x0000000002cf2f10 code [0x0000000002cf3080, 0x0000000002cf3290]
Event: 93.059 Thread 0x00000000089c6000  220             java.util.ArrayList::clear (39 bytes)
Event: 93.060 Thread 0x00000000089c8000  221             com.badlogic.gdx.graphics.g2d.BitmapFont::draw (31 bytes)
Event: 93.063 Thread 0x00000000089c6000 nmethod 220 0x0000000002cf1010 code [0x0000000002cf1140, 0x0000000002cf11d8]
Event: 93.094 Thread 0x00000000089c8000 nmethod 221 0x0000000002cf5dd0 code [0x0000000002cf5fe0, 0x0000000002cf67c0]

GC Heap History (2 events):
Event: 41.463 GC heap before
{Heap before GC invocations=1 (full 0):
 PSYoungGen      total 18944K, used 16384K [0x00000000eb100000, 0x00000000ec600000, 0x0000000100000000)
  eden space 16384K, 100% used [0x00000000eb100000,0x00000000ec100000,0x00000000ec100000)
  from space 2560K, 0% used [0x00000000ec380000,0x00000000ec380000,0x00000000ec600000)
  to   space 2560K, 0% used [0x00000000ec100000,0x00000000ec100000,0x00000000ec380000)
 ParOldGen       total 42496K, used 0K [0x00000000c1400000, 0x00000000c3d80000, 0x00000000eb100000)
  object space 42496K, 0% used [0x00000000c1400000,0x00000000c1400000,0x00000000c3d80000)
 PSPermGen       total 21504K, used 7244K [0x00000000bc200000, 0x00000000bd700000, 0x00000000c1400000)
  object space 21504K, 33% used [0x00000000bc200000,0x00000000bc913218,0x00000000bd700000)
Event: 41.470 GC heap after
Heap after GC invocations=1 (full 0):
 PSYoungGen      total 18944K, used 2536K [0x00000000eb100000, 0x00000000ec600000, 0x0000000100000000)
  eden space 16384K, 0% used [0x00000000eb100000,0x00000000eb100000,0x00000000ec100000)
  from space 2560K, 99% used [0x00000000ec100000,0x00000000ec37a288,0x00000000ec380000)
  to   space 2560K, 0% used [0x00000000ec380000,0x00000000ec380000,0x00000000ec600000)
 ParOldGen       total 42496K, used 725K [0x00000000c1400000, 0x00000000c3d80000, 0x00000000eb100000)
  object space 42496K, 1% used [0x00000000c1400000,0x00000000c14b5768,0x00000000c3d80000)
 PSPermGen       total 21504K, used 7244K [0x00000000bc200000, 0x00000000bd700000, 0x00000000c1400000)
  object space 21504K, 33% used [0x00000000bc200000,0x00000000bc913218,0x00000000bd700000)
}

Deoptimization events (1 events):
Event: 41.472 Thread 0x0000000008990800 Uncommon trap: reason=unreached action=reinterpret pc=0x0000000002cad0c4 method=java.lang.Object.equals(Ljava/lang/Object;)Z @ 2

Internal exceptions (10 events):
Event: 3.107 Thread 0x000000000a6a2000 Threw 0x00000000ebf367a8 at C:\re\jdk7u65\1313\hotspot\src\share\vm\prims\jvm.cpp:1244
Event: 3.108 Thread 0x000000000a6a2000 Threw 0x00000000ebf3c718 at C:\re\jdk7u65\1313\hotspot\src\share\vm\prims\jvm.cpp:1244
Event: 3.108 Thread 0x000000000a6a2000 Threw 0x00000000ebf42aa8 at C:\re\jdk7u65\1313\hotspot\src\share\vm\prims\jvm.cpp:1244
Event: 3.110 Thread 0x000000000a6a2000 Threw 0x00000000ebf50740 at C:\re\jdk7u65\1313\hotspot\src\share\vm\prims\jvm.cpp:1244
Event: 3.820 Thread 0x000000000a6a2000 Threw 0x00000000ebf592f0 at C:\re\jdk7u65\1313\hotspot\src\share\vm\prims\jvm.cpp:1244
Event: 5.396 Thread 0x000000000a6a2000 Threw 0x00000000ebf6c408 at C:\re\jdk7u65\1313\hotspot\src\share\vm\prims\jvm.cpp:1244
Event: 5.499 Thread 0x000000000a6a2000 Threw 0x00000000ebf87280 at C:\re\jdk7u65\1313\hotspot\src\share\vm\prims\jvm.cpp:1244
Event: 94.659 Thread 0x000000000a6a2000 Threw 0x00000000eb24c0c0 at C:\re\jdk7u65\1313\hotspot\src\share\vm\prims\jvm.cpp:1244
Event: 94.662 Thread 0x000000000a6a2000 Threw 0x00000000eb251928 at C:\re\jdk7u65\1313\hotspot\src\share\vm\prims\jvm.cpp:1244
Event: 94.667 Thread 0x000000000a6a2000 Threw 0x00000000eb258f38 at C:\re\jdk7u65\1313\hotspot\src\share\vm\prims\jvm.cpp:1244

Events (10 events):
Event: 94.690 loading class 0x0000000002b796b0
Event: 94.690 loading class 0x0000000002b796b0 done
Event: 94.690 loading class 0x000000000a4615b0
Event: 94.690 loading class 0x000000000a4615b0 done
Event: 94.690 loading class 0x000000000a461580
Event: 94.690 loading class 0x000000000a461540
Event: 94.690 loading class 0x000000000a461540 done
Event: 94.690 loading class 0x000000000a461580 done
Event: 94.690 Thread 0x00000000089c1800 Thread exited: 0x00000000089c1800
Event: 94.691 Executing VM operation: Exit


Dynamic libraries:
0x00007ff76dec0000 - 0x00007ff76def3000 	C:\Program Files\Java\jdk1.7.0_65\bin\java.exe
0x00007ff85b100000 - 0x00007ff85b2c1000 	C:\WINDOWS\SYSTEM32\ntdll.dll
0x00007ff858c80000 - 0x00007ff858d2d000 	C:\WINDOWS\system32\KERNEL32.DLL
0x00007ff857f00000 - 0x00007ff8580dd000 	C:\WINDOWS\system32\KERNELBASE.dll
0x00007ff85ac40000 - 0x00007ff85ace6000 	C:\WINDOWS\system32\ADVAPI32.dll
0x00007ff85a540000 - 0x00007ff85a5dd000 	C:\WINDOWS\system32\msvcrt.dll
0x00007ff85a5e0000 - 0x00007ff85a63b000 	C:\WINDOWS\system32\sechost.dll
0x00007ff85ad30000 - 0x00007ff85ae56000 	C:\WINDOWS\system32\RPCRT4.dll
0x00007ff85a640000 - 0x00007ff85a78e000 	C:\WINDOWS\system32\USER32.dll
0x00007ff858980000 - 0x00007ff858b06000 	C:\WINDOWS\system32\GDI32.dll
0x00007ff849f70000 - 0x00007ff84a1e4000 	C:\WINDOWS\WinSxS\amd64_microsoft.windows.common-controls_6595b64144ccf1df_6.0.10240.16384_none_f41f7b285750ef43\COMCTL32.dll
0x00007ff85acf0000 - 0x00007ff85ad26000 	C:\WINDOWS\system32\IMM32.DLL
0x00007ff858eb0000 - 0x00007ff85900c000 	C:\WINDOWS\system32\MSCTF.dll
0x000000005bf70000 - 0x000000005c042000 	C:\Program Files\Java\jdk1.7.0_65\jre\bin\msvcr100.dll
0x000000005c400000 - 0x000000005cbd2000 	C:\Program Files\Java\jdk1.7.0_65\jre\bin\server\jvm.dll
0x00007ff85a860000 - 0x00007ff85a868000 	C:\WINDOWS\system32\PSAPI.DLL
0x00007ff856070000 - 0x00007ff856079000 	C:\WINDOWS\SYSTEM32\WSOCK32.dll
0x00007ff855fd0000 - 0x00007ff855ff3000 	C:\WINDOWS\SYSTEM32\WINMM.dll
0x00007ff85b090000 - 0x00007ff85b0f9000 	C:\WINDOWS\system32\WS2_32.dll
0x00007ff85a790000 - 0x00007ff85a798000 	C:\WINDOWS\system32\NSI.dll
0x00007ff855fa0000 - 0x00007ff855fcc000 	C:\WINDOWS\SYSTEM32\WINMMBASE.dll
0x00007ff857ce0000 - 0x00007ff857d24000 	C:\WINDOWS\system32\cfgmgr32.dll
0x00007ff856400000 - 0x00007ff856427000 	C:\WINDOWS\SYSTEM32\DEVOBJ.dll
0x000000005c3f0000 - 0x000000005c3ff000 	C:\Program Files\Java\jdk1.7.0_65\jre\bin\verify.dll
0x000000005c3c0000 - 0x000000005c3e8000 	C:\Program Files\Java\jdk1.7.0_65\jre\bin\java.dll
0x000000005c3a0000 - 0x000000005c3b5000 	C:\Program Files\Java\jdk1.7.0_65\jre\bin\zip.dll
0x00007ff854f90000 - 0x00007ff854f9f000 	C:\Users\Norman\AppData\Local\Android\android-studio\bin\breakgen64.dll
0x000000005c380000 - 0x000000005c399000 	C:\Program Files\Java\jdk1.7.0_65\jre\bin\net.dll
0x00007ff857340000 - 0x00007ff85739d000 	C:\WINDOWS\system32\mswsock.dll
0x0000000065580000 - 0x0000000065616000 	C:\Users\Norman\AppData\Local\Temp\libgdxNorman\463f4817\gdx64.dll
0x00007ff8573a0000 - 0x00007ff8573b7000 	C:\WINDOWS\SYSTEM32\CRYPTSP.dll
0x00007ff857670000 - 0x00007ff857698000 	C:\WINDOWS\SYSTEM32\bcrypt.dll
0x00007ff856ff0000 - 0x00007ff857023000 	C:\WINDOWS\system32\rsaenh.dll
0x00007ff857190000 - 0x00007ff8571af000 	C:\WINDOWS\SYSTEM32\USERENV.dll
0x00007ff857bb0000 - 0x00007ff857bc3000 	C:\WINDOWS\system32\profapi.dll
0x00007ff857980000 - 0x00007ff8579eb000 	C:\WINDOWS\system32\bcryptprimitives.dll
0x00007ff8574f0000 - 0x00007ff8574fb000 	C:\WINDOWS\SYSTEM32\CRYPTBASE.dll
0x00007ff8551a0000 - 0x00007ff8551d8000 	C:\WINDOWS\SYSTEM32\IPHLPAPI.DLL
0x00007ff855190000 - 0x00007ff85519b000 	C:\WINDOWS\SYSTEM32\WINNSI.DLL
0x00007ff8511d0000 - 0x00007ff8511e6000 	C:\WINDOWS\SYSTEM32\dhcpcsvc6.DLL
0x00007ff8511b0000 - 0x00007ff8511ca000 	C:\WINDOWS\SYSTEM32\dhcpcsvc.DLL
0x000000005c360000 - 0x000000005c371000 	C:\Program Files\Java\jdk1.7.0_65\jre\bin\nio.dll
0x0000000180000000 - 0x0000000180053000 	C:\Users\Norman\AppData\Local\Temp\libgdxNorman\dc0f0009\lwjgl64.dll
0x00007ff84cc60000 - 0x00007ff84cc6a000 	C:\WINDOWS\SYSTEM32\VERSION.dll
0x00007ff83ba20000 - 0x00007ff83bb48000 	C:\WINDOWS\SYSTEM32\OPENGL32.dll
0x00007ff83f410000 - 0x00007ff83f43e000 	C:\WINDOWS\SYSTEM32\GLU32.dll
0x00007ff83b920000 - 0x00007ff83ba16000 	C:\WINDOWS\SYSTEM32\DDRAW.dll
0x00007ff83f3c0000 - 0x00007ff83f3c8000 	C:\WINDOWS\SYSTEM32\DCIMAN32.dll
0x000000000a8a0000 - 0x000000000a904000 	C:\Users\Norman\AppData\Local\Temp\libgdxNorman\dc0f0009\OpenAL64.dll
0x00007ff859010000 - 0x00007ff85a532000 	C:\WINDOWS\system32\SHELL32.dll
0x00007ff8581a0000 - 0x00007ff8587c8000 	C:\WINDOWS\system32\windows.storage.dll
0x00007ff85a9c0000 - 0x00007ff85ac3c000 	C:\WINDOWS\system32\combase.dll
0x00007ff85b030000 - 0x00007ff85b081000 	C:\WINDOWS\system32\shlwapi.dll
0x00007ff857b50000 - 0x00007ff857b5f000 	C:\WINDOWS\system32\kernel.appcore.dll
0x00007ff8580e0000 - 0x00007ff858193000 	C:\WINDOWS\system32\shcore.dll
0x00007ff857b60000 - 0x00007ff857baa000 	C:\WINDOWS\system32\powrprof.dll
0x00007ff85a870000 - 0x00007ff85a9b1000 	C:\WINDOWS\system32\ole32.dll
0x00007ff856430000 - 0x00007ff8564c6000 	C:\WINDOWS\system32\uxtheme.dll
0x00007ff832db0000 - 0x00007ff832dd8000 	C:\Program Files (x86)\Raptr\ltc_help64-106010.dll
0x00007ff857c80000 - 0x00007ff857cd4000 	C:\WINDOWS\system32\WINTRUST.dll
0x00007ff857b30000 - 0x00007ff857b41000 	C:\WINDOWS\system32\MSASN1.dll
0x00007ff857d30000 - 0x00007ff857ef1000 	C:\WINDOWS\system32\CRYPT32.dll
0x00007ff858d90000 - 0x00007ff858e35000 	C:\WINDOWS\system32\clbcatq.dll
0x00007ff8556d0000 - 0x00007ff855853000 	C:\WINDOWS\System32\PROPSYS.dll
0x00007ff85a7a0000 - 0x00007ff85a85e000 	C:\WINDOWS\system32\OLEAUT32.dll
0x00007ff84eaf0000 - 0x00007ff84eb8c000 	C:\WINDOWS\SYSTEM32\dsound.dll
0x00007ff8503b0000 - 0x00007ff850422000 	C:\WINDOWS\System32\MMDevApi.dll
0x00007ff84d580000 - 0x00007ff84d605000 	C:\WINDOWS\SYSTEM32\AUDIOSES.DLL
0x00007ff854980000 - 0x00007ff854ab1000 	C:\WINDOWS\SYSTEM32\wintypes.dll
0x00007ff8556a0000 - 0x00007ff8556c2000 	C:\WINDOWS\system32\dwmapi.dll
0x00007ff8299f0000 - 0x00007ff82a4e3000 	C:\WINDOWS\SYSTEM32\ig75icd64.dll
0x00007ff855cb0000 - 0x00007ff855cc3000 	C:\WINDOWS\SYSTEM32\WTSAPI32.dll
0x00007ff8513f0000 - 0x00007ff851df2000 	C:\WINDOWS\SYSTEM32\igdusc64.dll
0x00007ff82b7d0000 - 0x00007ff82b861000 	C:\WINDOWS\SYSTEM32\mscms.dll
0x00007ff84cd50000 - 0x00007ff84cd92000 	C:\WINDOWS\SYSTEM32\icm32.dll
0x00007ff858b10000 - 0x00007ff858b2c000 	C:\WINDOWS\system32\imagehlp.dll
0x00007ff856a50000 - 0x00007ff856a73000 	C:\WINDOWS\SYSTEM32\gpapi.dll
0x00007ff83fd00000 - 0x00007ff83fd2f000 	C:\Windows\System32\cryptnet.dll
0x00007ff858c10000 - 0x00007ff858c6b000 	C:\WINDOWS\system32\WLDAP32.dll
0x00007ff848f60000 - 0x00007ff8491a8000 	C:\PROGRA~2\Raptr\ltc_game64-106010.dll
0x00007ff83af90000 - 0x00007ff83b11a000 	C:\WINDOWS\SYSTEM32\dbghelp.dll

VM Arguments:
jvm_args: -Didea.launcher.port=7535 -Didea.launcher.bin.path=C:\Users\Norman\AppData\Local\Android\android-studio\bin -Dfile.encoding=UTF-8 
java_command: com.intellij.rt.execution.application.AppMain com.norman.game.desktop.DesktopLauncher
Launcher Type: SUN_STANDARD

Environment Variables:
JAVA_HOME=C:\Program Files\Java\jdk1.7.0_65
PATH=C:\ProgramData\Oracle\Java\javapath;C:\Program Files (x86)\NVIDIA Corporation\PhysX\Common;C:\Users\Norman\AppData\Roaming\Composer\vendor\bin;C:\xampp\php\php.exe;C:\HashiCorp\Vagrant\bin;C:\Program Files\Java\jdk1.7.0_65\bin\javaw.exe;C:\WINDOWS\system32;C:\WINDOWS;C:\WINDOWS\System32\Wbem;C:\WINDOWS\System32\WindowsPowerShell\v1.0\;C:\Program Files (x86)\ATI Technologies\ATI.ACE\Core-Static;C:\Program Files (x86)\AMD\ATI.ACE\Core-Static;C:\Program Files (x86)\Skype\Phone\;C:\Users\Norman\AppData\Roaming\Composer\vendor\bin;C:\xampp\php;C:\Program Files\Java\jdk1.7.0_65\bin\javaw.exe
USERNAME=Norman
OS=Windows_NT
PROCESSOR_IDENTIFIER=Intel64 Family 6 Model 60 Stepping 3, GenuineIntel



---------------  S Y S T E M  ---------------

OS: Windows 8.1 , 64 bit Build 9600 

CPU:total 4 (2 cores per cpu, 2 threads per core) family 6 model 60 stepping 3, cmov, cx8, fxsr, mmx, sse, sse2, sse3, ssse3, sse4.1, sse4.2, popcnt, avx, avx2, aes, erms, ht, tsc, tscinvbit

Memory: 4k page, physical 4104472k(692264k free), swap 7250200k(1717332k free)

vm_info: Java HotSpot(TM) 64-Bit Server VM (24.65-b04) for windows-amd64 JRE (1.7.0_65-b19), built on Jul  9 2014 17:47:07 by "java_re" with unknown MS VC++:1600

time: Thu Dec 10 22:51:24 2015
elapsed time: 95 seconds

