#
# A fatal error has been detected by the Java Runtime Environment:
#
#  EXCEPTION_ACCESS_VIOLATION (0xc0000005) at pc=0x00007fff5c331ed4, pid=5056, tid=7576
#
# JRE version: Java(TM) SE Runtime Environment (7.0_65-b19) (build 1.7.0_65-b19)
# Java VM: Java HotSpot(TM) 64-Bit Server VM (24.65-b04 mixed mode windows-amd64 compressed oops)
# Problematic frame:
# C  [OPENGL32.dll+0xe1ed4]
#
# Failed to write core dump. Minidumps are not enabled by default on client versions of Windows
#
# If you would like to submit a bug report, please visit:
#   http://bugreport.sun.com/bugreport/crash.jsp
#

---------------  T H R E A D  ---------------

Current thread (0x00000000089b3800):  VMThread [stack: 0x0000000009a70000,0x0000000009b70000] [id=7576]

siginfo: ExceptionCode=0xc0000005, reading address 0x0000000000000a38

Registers:
RAX=0x0000000000000000, RBX=0x0000000051c63190, RCX=0x0000000000000001, RDX=0x0000000051c63198
RSP=0x0000000009b6f0b8, RBP=0x0000000000000000, RSI=0x0000000051c64c60, RDI=0x0000000051c64c60
R8 =0x0000000009b6f138, R9 =0x00000000088e5500, R10=0x0000000000000042, R11=0x0000000009b6ed00
R12=0x0000000000000000, R13=0x0000000051a57950, R14=0x0000000051a57800, R15=0x0000000000000000
RIP=0x00007fff5c331ed4, EFLAGS=0x0000000000010287

Top of Stack: (sp=0x0000000009b6f0b8)
0x0000000009b6f0b8:   00007fff419d26cb 0000000000000001
0x0000000009b6f0c8:   0000000051c63198 0000000009b6f138
0x0000000009b6f0d8:   00000000088e5500 0000000000000000
0x0000000009b6f0e8:   00007fff419d8197 0000000051a50000
0x0000000009b6f0f8:   0000000051a50000 0000000000000000
0x0000000009b6f108:   0000000000000000 fffffffffffffffe
0x0000000009b6f118:   0000000009b6f180 0000000000000000
0x0000000009b6f128:   00007fff419d8a49 0000000051c64c60
0x0000000009b6f138:   0000000051a5c880 00007fff41ac17b0
0x0000000009b6f148:   00007fff41a55568 fffffffffffffffe
0x0000000009b6f158:   0000000051a57800 0000000000000001
0x0000000009b6f168:   0000000051a57928 0000000051a57800
0x0000000009b6f178:   00007fff41a5d61d 00007fff41b965b0
0x0000000009b6f188:   00007fff41ac17a0 00000000088e5500
0x0000000009b6f198:   00000000089b4160 0000000051a57928
0x0000000009b6f1a8:   0000000051a57800 0000000051a57800 

Instructions: (pc=0x00007fff5c331ed4)
0x00007fff5c331eb4:   cc cc cc cc cc cc 66 0f 1f 44 00 00 8b 05 42 71
0x00007fff5c331ec4:   01 00 83 f8 40 73 0f 65 48 8b 04 c5 80 14 00 00
0x00007fff5c331ed4:   ff a0 38 0a 00 00 b8 47 01 00 00 e9 ec d4 ff ff
0x00007fff5c331ee4:   cc cc cc cc cc cc 66 0f 1f 44 00 00 8b 05 12 71 


Register to memory mapping:

RAX=0x0000000000000000 is an unknown value
RBX=0x0000000051c63190 is an unknown value
RCX=0x0000000000000001 is an unknown value
RDX=0x0000000051c63198 is an unknown value
RSP=0x0000000009b6f0b8 is an unknown value
RBP=0x0000000000000000 is an unknown value
RSI=0x0000000051c64c60 is an unknown value
RDI=0x0000000051c64c60 is an unknown value
R8 =0x0000000009b6f138 is an unknown value
R9 =0x00000000088e5500 is an unknown value
R10=0x0000000000000042 is an unknown value
R11=0x0000000009b6ed00 is an unknown value
R12=0x0000000000000000 is an unknown value
R13=0x0000000051a57950 is an unknown value
R14=0x0000000051a57800 is an unknown value
R15=0x0000000000000000 is an unknown value


Stack: [0x0000000009a70000,0x0000000009b70000],  sp=0x0000000009b6f0b8,  free space=1020k
Native frames: (J=compiled Java code, j=interpreted, Vv=VM code, C=native code)
C  [OPENGL32.dll+0xe1ed4]

[error occurred during error reporting (printing native stack), id 0xc0000005]

VM_Operation (0x000000000b5ff220): Exit, mode: safepoint, requested by thread 0x000000000a3f7800


---------------  P R O C E S S  ---------------

Java Threads: ( => current thread )
  0x000000000a535000 JavaThread "LWJGL Timer" daemon [_thread_blocked, id=8308, stack(0x0000000050e60000,0x0000000050f60000)]
  0x0000000002b12800 JavaThread "DestroyJavaVM" [_thread_blocked, id=8792, stack(0x0000000002a10000,0x0000000002b10000)]
  0x000000000a3f7800 JavaThread "LWJGL Application" [_thread_blocked, id=6852, stack(0x000000000b500000,0x000000000b600000)]
  0x000000000a348800 JavaThread "Monitor Ctrl-Break" daemon [_thread_in_native, id=4200, stack(0x000000000a780000,0x000000000a880000)]
  0x0000000008a0a000 JavaThread "Service Thread" daemon [_thread_blocked, id=3284, stack(0x000000000a170000,0x000000000a270000)]
  0x00000000089ff800 JavaThread "C2 CompilerThread1" daemon [_thread_blocked, id=172, stack(0x000000000a070000,0x000000000a170000)]
  0x00000000089fe000 JavaThread "C2 CompilerThread0" daemon [_thread_blocked, id=6700, stack(0x0000000009f70000,0x000000000a070000)]
  0x00000000089fd000 JavaThread "Attach Listener" daemon [_thread_blocked, id=8568, stack(0x0000000009e70000,0x0000000009f70000)]
  0x00000000089f9800 JavaThread "Signal Dispatcher" daemon [_thread_blocked, id=4672, stack(0x0000000009d70000,0x0000000009e70000)]
  0x00000000089bb000 JavaThread "Finalizer" daemon [_thread_blocked, id=1340, stack(0x0000000009c70000,0x0000000009d70000)]
  0x00000000089b7800 JavaThread "Reference Handler" daemon [_thread_blocked, id=7788, stack(0x0000000009b70000,0x0000000009c70000)]

Other Threads:
=>0x00000000089b3800 VMThread [stack: 0x0000000009a70000,0x0000000009b70000] [id=7576]

VM state:at safepoint (shutting down)

VM Mutex/Monitor currently owned by a thread:  ([mutex/lock_event])
[0x00000000028fdb90] Threads_lock - owner thread: 0x00000000089b3800

Heap
 PSYoungGen      total 18944K, used 15654K [0x00000000eb100000, 0x00000000ec600000, 0x0000000100000000)
  eden space 16384K, 95% used [0x00000000eb100000,0x00000000ec049a38,0x00000000ec100000)
  from space 2560K, 0% used [0x00000000ec380000,0x00000000ec380000,0x00000000ec600000)
  to   space 2560K, 0% used [0x00000000ec100000,0x00000000ec100000,0x00000000ec380000)
 ParOldGen       total 42496K, used 0K [0x00000000c1400000, 0x00000000c3d80000, 0x00000000eb100000)
  object space 42496K, 0% used [0x00000000c1400000,0x00000000c1400000,0x00000000c3d80000)
 PSPermGen       total 21504K, used 7293K [0x00000000bc200000, 0x00000000bd700000, 0x00000000c1400000)
  object space 21504K, 33% used [0x00000000bc200000,0x00000000bc91f4c0,0x00000000bd700000)

Card table byte_map: [0x0000000005cd0000,0x0000000005ef0000] byte_map_base: 0x00000000056ef000

Polling page: 0x0000000002890000

Code Cache  [0x0000000002c10000, 0x0000000002e80000, 0x0000000005c10000)
 total_blobs=698 nmethods=278 adapters=372 free_code_cache=48036Kb largest_free_block=49162560

Compilation events (10 events):
Event: 3472.638 Thread 0x00000000089fe000 nmethod 274 0x0000000002d14910 code [0x0000000002d14a40, 0x0000000002d14a98]
Event: 3472.638 Thread 0x00000000089fe000  275             com.norman.game.gameworld.GameRenderer::drawTransition (132 bytes)
Event: 3472.655 Thread 0x00000000089fe000 nmethod 275 0x0000000002d15ad0 code [0x0000000002d15ce0, 0x0000000002d161d0]
Event: 3472.655 Thread 0x00000000089fe000  276             com.norman.game.gameworld.GameWorld::update (53 bytes)
Event: 3472.656 Thread 0x00000000089ff800 nmethod 272 0x0000000002d26cd0 code [0x0000000002d26e80, 0x0000000002d27568]
Event: 3472.656 Thread 0x00000000089ff800  277             com.badlogic.gdx.graphics.g2d.SpriteBatch::enableBlending (18 bytes)
Event: 3472.657 Thread 0x00000000089ff800 nmethod 277 0x0000000002d145d0 code [0x0000000002d14720, 0x0000000002d147a8]
Event: 3472.657 Thread 0x00000000089ff800  278             com.norman.game.gameworld.GameRenderer::drawBackground (137 bytes)
Event: 3472.659 Thread 0x00000000089fe000 nmethod 276 0x0000000002d15610 code [0x0000000002d15760, 0x0000000002d158c8]
Event: 3472.696 Thread 0x00000000089ff800 nmethod 278 0x0000000002d2ae50 code [0x0000000002d2b0a0, 0x0000000002d2c150]

GC Heap History (0 events):
No events

Deoptimization events (4 events):
Event: 3470.741 Thread 0x000000000a3f7800 Uncommon trap: reason=unreached action=reinterpret pc=0x0000000002d190d8 method=com.norman.game.gameworld.GameWorld.isReady()Z @ 7
Event: 3477.574 Thread 0x000000000a3f7800 Uncommon trap: reason=null_assert action=make_not_entrant pc=0x0000000002d0d89c method=com.badlogic.gdx.backends.lwjgl.LwjglInput.updateKeyboard()V @ 204
Event: 3477.574 Thread 0x000000000a3f7800 Uncommon trap: reason=null_assert action=make_not_entrant pc=0x0000000002cf491c method=com.badlogic.gdx.backends.lwjgl.LwjglInput.processEvents()V @ 46
Event: 3481.567 Thread 0x000000000a3f7800 Uncommon trap: reason=unloaded action=reinterpret pc=0x0000000002d21e44 method=com.badlogic.gdx.backends.lwjgl.LwjglApplication.mainLoop()V @ 758

Internal exceptions (10 events):
Event: 9.271 Thread 0x000000000a3f7800 Threw 0x00000000ebf31ce8 at C:\re\jdk7u65\1313\hotspot\src\share\vm\prims\jvm.cpp:1244
Event: 9.273 Thread 0x000000000a3f7800 Threw 0x00000000ebf38a88 at C:\re\jdk7u65\1313\hotspot\src\share\vm\prims\jvm.cpp:1244
Event: 9.392 Thread 0x000000000a3f7800 Threw 0x00000000ebf45d10 at C:\re\jdk7u65\1313\hotspot\src\share\vm\prims\jvm.cpp:1244
Event: 3471.904 Thread 0x000000000a3f7800 Threw 0x00000000ebf52b48 at C:\re\jdk7u65\1313\hotspot\src\share\vm\prims\jvm.cpp:1244
Event: 3472.167 Thread 0x000000000a3f7800 Threw 0x00000000ebfbf090 at C:\re\jdk7u65\1313\hotspot\src\share\vm\prims\jvm.cpp:1244
Event: 3477.469 Thread 0x000000000a3f7800 Threw 0x00000000ebfdab48 at C:\re\jdk7u65\1313\hotspot\src\share\vm\prims\jvm.cpp:1244
Event: 3477.539 Thread 0x000000000a3f7800 Threw 0x00000000ebfe65a0 at C:\re\jdk7u65\1313\hotspot\src\share\vm\prims\jvm.cpp:1244
Event: 3481.493 Thread 0x000000000a3f7800 Threw 0x00000000ebff0cd0 at C:\re\jdk7u65\1313\hotspot\src\share\vm\prims\jvm.cpp:1244
Event: 3481.568 Thread 0x000000000a3f7800 Threw 0x00000000ebff6588 at C:\re\jdk7u65\1313\hotspot\src\share\vm\prims\jvm.cpp:1244
Event: 3481.659 Thread 0x000000000a3f7800 Threw 0x00000000ebffdbe0 at C:\re\jdk7u65\1313\hotspot\src\share\vm\prims\jvm.cpp:1244

Events (10 events):
Event: 3481.659 loading class 0x000000000a51e820 done
Event: 3481.711 loading class 0x0000000002b893e0
Event: 3481.712 loading class 0x0000000002b893e0 done
Event: 3481.712 loading class 0x000000000a408d70
Event: 3481.714 loading class 0x000000000a408d70 done
Event: 3481.714 loading class 0x000000000a408d40
Event: 3481.714 loading class 0x000000000a408d00
Event: 3481.715 loading class 0x000000000a408d00 done
Event: 3481.715 loading class 0x000000000a408d40 done
Event: 3481.715 Executing VM operation: Exit


Dynamic libraries:
0x00007ff610c80000 - 0x00007ff610cb3000 	C:\Program Files\Java\jdk1.7.0_65\bin\java.exe
0x00007fff75470000 - 0x00007fff75631000 	C:\WINDOWS\SYSTEM32\ntdll.dll
0x00007fff730d0000 - 0x00007fff7317d000 	C:\WINDOWS\system32\KERNEL32.DLL
0x00007fff72960000 - 0x00007fff72b3d000 	C:\WINDOWS\system32\KERNELBASE.dll
0x00007fff736c0000 - 0x00007fff73766000 	C:\WINDOWS\system32\ADVAPI32.dll
0x00007fff73450000 - 0x00007fff734ed000 	C:\WINDOWS\system32\msvcrt.dll
0x00007fff73640000 - 0x00007fff7369b000 	C:\WINDOWS\system32\sechost.dll
0x00007fff75050000 - 0x00007fff75176000 	C:\WINDOWS\system32\RPCRT4.dll
0x00007fff72c30000 - 0x00007fff72d7e000 	C:\WINDOWS\system32\USER32.dll
0x00007fff72ee0000 - 0x00007fff73066000 	C:\WINDOWS\system32\GDI32.dll
0x00007fff64590000 - 0x00007fff64804000 	C:\WINDOWS\WinSxS\amd64_microsoft.windows.common-controls_6595b64144ccf1df_6.0.10240.16384_none_f41f7b285750ef43\COMCTL32.dll
0x00007fff73070000 - 0x00007fff730a6000 	C:\WINDOWS\system32\IMM32.DLL
0x00007fff72d80000 - 0x00007fff72edc000 	C:\WINDOWS\system32\MSCTF.dll
0x00000000734c0000 - 0x0000000073592000 	C:\Program Files\Java\jdk1.7.0_65\jre\bin\msvcr100.dll
0x0000000073950000 - 0x0000000074122000 	C:\Program Files\Java\jdk1.7.0_65\jre\bin\server\jvm.dll
0x00007fff72c20000 - 0x00007fff72c28000 	C:\WINDOWS\system32\PSAPI.DLL
0x00007fff70380000 - 0x00007fff703a3000 	C:\WINDOWS\SYSTEM32\WINMM.dll
0x00007fff6f4d0000 - 0x00007fff6f4d9000 	C:\WINDOWS\SYSTEM32\WSOCK32.dll
0x00007fff70350000 - 0x00007fff7037c000 	C:\WINDOWS\SYSTEM32\WINMMBASE.dll
0x00007fff72910000 - 0x00007fff72954000 	C:\WINDOWS\system32\cfgmgr32.dll
0x00007fff70810000 - 0x00007fff70837000 	C:\WINDOWS\SYSTEM32\DEVOBJ.dll
0x00007fff73830000 - 0x00007fff73899000 	C:\WINDOWS\system32\WS2_32.dll
0x00007fff730c0000 - 0x00007fff730c8000 	C:\WINDOWS\system32\NSI.dll
0x0000000073940000 - 0x000000007394f000 	C:\Program Files\Java\jdk1.7.0_65\jre\bin\verify.dll
0x0000000073910000 - 0x0000000073938000 	C:\Program Files\Java\jdk1.7.0_65\jre\bin\java.dll
0x00000000738f0000 - 0x0000000073905000 	C:\Program Files\Java\jdk1.7.0_65\jre\bin\zip.dll
0x00007fff70400000 - 0x00007fff7040f000 	C:\Users\Norman\AppData\Local\Android\android-studio\bin\breakgen64.dll
0x00000000738d0000 - 0x00000000738e9000 	C:\Program Files\Java\jdk1.7.0_65\jre\bin\net.dll
0x00007fff716b0000 - 0x00007fff7170d000 	C:\WINDOWS\system32\mswsock.dll
0x0000000065580000 - 0x0000000065616000 	C:\Users\Norman\AppData\Local\Temp\libgdxNorman\463f4817\gdx64.dll
0x00007fff71710000 - 0x00007fff71727000 	C:\WINDOWS\SYSTEM32\CRYPTSP.dll
0x00007fff719e0000 - 0x00007fff71a08000 	C:\WINDOWS\SYSTEM32\bcrypt.dll
0x00007fff71360000 - 0x00007fff71393000 	C:\WINDOWS\system32\rsaenh.dll
0x00007fff71500000 - 0x00007fff7151f000 	C:\WINDOWS\SYSTEM32\USERENV.dll
0x00007fff71f00000 - 0x00007fff71f13000 	C:\WINDOWS\system32\profapi.dll
0x00007fff71cf0000 - 0x00007fff71d5b000 	C:\WINDOWS\system32\bcryptprimitives.dll
0x00007fff71880000 - 0x00007fff7188b000 	C:\WINDOWS\SYSTEM32\CRYPTBASE.dll
0x00007fff6ed70000 - 0x00007fff6eda8000 	C:\WINDOWS\SYSTEM32\IPHLPAPI.DLL
0x00007fff6ed60000 - 0x00007fff6ed6b000 	C:\WINDOWS\SYSTEM32\WINNSI.DLL
0x00007fff6d0c0000 - 0x00007fff6d0d6000 	C:\WINDOWS\SYSTEM32\dhcpcsvc6.DLL
0x00007fff6ae60000 - 0x00007fff6ae7a000 	C:\WINDOWS\SYSTEM32\dhcpcsvc.DLL
0x00000000738b0000 - 0x00000000738c1000 	C:\Program Files\Java\jdk1.7.0_65\jre\bin\nio.dll
0x0000000180000000 - 0x0000000180053000 	C:\Users\Norman\AppData\Local\Temp\libgdxNorman\dc0f0009\lwjgl64.dll
0x00007fff5c250000 - 0x00007fff5c378000 	C:\WINDOWS\SYSTEM32\OPENGL32.dll
0x00007fff67200000 - 0x00007fff6720a000 	C:\WINDOWS\SYSTEM32\VERSION.dll
0x00007fff615e0000 - 0x00007fff6160e000 	C:\WINDOWS\SYSTEM32\GLU32.dll
0x00007fff5c110000 - 0x00007fff5c206000 	C:\WINDOWS\SYSTEM32\DDRAW.dll
0x00007fff615d0000 - 0x00007fff615d8000 	C:\WINDOWS\SYSTEM32\DCIMAN32.dll
0x000000000a8a0000 - 0x000000000a904000 	C:\Users\Norman\AppData\Local\Temp\libgdxNorman\dc0f0009\OpenAL64.dll
0x00007fff73b20000 - 0x00007fff75042000 	C:\WINDOWS\system32\SHELL32.dll
0x00007fff722e0000 - 0x00007fff72909000 	C:\WINDOWS\system32\windows.storage.dll
0x00007fff738a0000 - 0x00007fff73b1c000 	C:\WINDOWS\system32\combase.dll
0x00007fff73330000 - 0x00007fff73381000 	C:\WINDOWS\system32\shlwapi.dll
0x00007fff71ef0000 - 0x00007fff71eff000 	C:\WINDOWS\system32\kernel.appcore.dll
0x00007fff721c0000 - 0x00007fff72273000 	C:\WINDOWS\system32\shcore.dll
0x00007fff71ea0000 - 0x00007fff71eea000 	C:\WINDOWS\system32\powrprof.dll
0x00007fff734f0000 - 0x00007fff73631000 	C:\WINDOWS\system32\ole32.dll
0x00007fff70700000 - 0x00007fff70796000 	C:\WINDOWS\system32\uxtheme.dll
0x00007fff55160000 - 0x00007fff55188000 	C:\Program Files (x86)\Raptr\ltc_help64-105773.dll
0x00007fff72280000 - 0x00007fff722d4000 	C:\WINDOWS\system32\WINTRUST.dll
0x00007fff71f20000 - 0x00007fff71f31000 	C:\WINDOWS\system32\MSASN1.dll
0x00007fff71f40000 - 0x00007fff72101000 	C:\WINDOWS\system32\CRYPT32.dll
0x00007fff753c0000 - 0x00007fff75465000 	C:\WINDOWS\system32\clbcatq.dll
0x00007fff6fa40000 - 0x00007fff6fbc3000 	C:\WINDOWS\System32\PROPSYS.dll
0x00007fff73770000 - 0x00007fff7382e000 	C:\WINDOWS\system32\OLEAUT32.dll
0x00007fff56ff0000 - 0x00007fff5708c000 	C:\WINDOWS\SYSTEM32\dsound.dll
0x00007fff6ead0000 - 0x00007fff6eb42000 	C:\WINDOWS\System32\MMDevApi.dll
0x00007fff67ec0000 - 0x00007fff67f45000 	C:\WINDOWS\SYSTEM32\AUDIOSES.DLL
0x00007fff6f1d0000 - 0x00007fff6f301000 	C:\WINDOWS\SYSTEM32\wintypes.dll
0x00007fff6f9f0000 - 0x00007fff6fa12000 	C:\WINDOWS\system32\dwmapi.dll
0x00007fff41bc0000 - 0x00007fff426b3000 	C:\WINDOWS\SYSTEM32\ig75icd64.dll
0x00007fff6d200000 - 0x00007fff6dc02000 	C:\WINDOWS\SYSTEM32\igdusc64.dll
0x00007fff6fd90000 - 0x00007fff6fda3000 	C:\WINDOWS\SYSTEM32\WTSAPI32.dll
0x00007fff468a0000 - 0x00007fff46931000 	C:\WINDOWS\SYSTEM32\mscms.dll
0x00007fff655b0000 - 0x00007fff655f2000 	C:\WINDOWS\SYSTEM32\icm32.dll
0x00007fff736a0000 - 0x00007fff736bc000 	C:\WINDOWS\system32\imagehlp.dll
0x00007fff70dc0000 - 0x00007fff70de3000 	C:\WINDOWS\SYSTEM32\gpapi.dll
0x00007fff70410000 - 0x00007fff7043f000 	C:\Windows\System32\cryptnet.dll
0x00007fff73390000 - 0x00007fff733eb000 	C:\WINDOWS\system32\WLDAP32.dll
0x00007fff41970000 - 0x00007fff41bb8000 	C:\PROGRA~2\Raptr\ltc_game64-105773.dll
0x00007fff55cc0000 - 0x00007fff55e4a000 	C:\WINDOWS\SYSTEM32\dbghelp.dll

VM Arguments:
jvm_args: -Didea.launcher.port=7534 -Didea.launcher.bin.path=C:\Users\Norman\AppData\Local\Android\android-studio\bin -Dfile.encoding=UTF-8 
java_command: com.intellij.rt.execution.application.AppMain com.norman.game.desktop.DesktopLauncher
Launcher Type: SUN_STANDARD

Environment Variables:
JAVA_HOME=C:\Program Files\Java\jdk1.7.0_65
PATH=C:\ProgramData\Oracle\Java\javapath;C:\Program Files (x86)\NVIDIA Corporation\PhysX\Common;C:\Users\Norman\AppData\Roaming\Composer\vendor\bin;C:\xampp\php\php.exe;C:\HashiCorp\Vagrant\bin;C:\Program Files\Java\jdk1.7.0_65\bin\javaw.exe;C:\WINDOWS\system32;C:\WINDOWS;C:\WINDOWS\System32\Wbem;C:\WINDOWS\System32\WindowsPowerShell\v1.0\;C:\Program Files (x86)\ATI Technologies\ATI.ACE\Core-Static;C:\Program Files (x86)\AMD\ATI.ACE\Core-Static;C:\Program Files (x86)\Skype\Phone\;C:\Users\Norman\AppData\Roaming\Composer\vendor\bin;C:\xampp\php;C:\Program Files\Java\jdk1.7.0_65\bin\javaw.exe
USERNAME=Norman
OS=Windows_NT
PROCESSOR_IDENTIFIER=Intel64 Family 6 Model 60 Stepping 3, GenuineIntel



---------------  S Y S T E M  ---------------

OS: Windows 8.1 , 64 bit Build 9600 

CPU:total 4 (2 cores per cpu, 2 threads per core) family 6 model 60 stepping 3, cmov, cx8, fxsr, mmx, sse, sse2, sse3, ssse3, sse4.1, sse4.2, popcnt, avx, avx2, aes, erms, ht, tsc, tscinvbit

Memory: 4k page, physical 4104472k(798400k free), swap 8167704k(1656656k free)

vm_info: Java HotSpot(TM) 64-Bit Server VM (24.65-b04) for windows-amd64 JRE (1.7.0_65-b19), built on Jul  9 2014 17:47:07 by "java_re" with unknown MS VC++:1600

time: Thu Dec 03 23:48:47 2015
elapsed time: 3482 seconds

